Subcomanda rulata : run
Timestamp start : 17:51:29_163
Timestamp end   : 17:51:34_127
Timpul de executie (in milisecunde) : 4963
Exit code ./tools/fileops.sh : 0
Subcomanda rulata : run
Timestamp start : 17:51:29_163
Timestamp end   : 17:51:34_348
Timpul de executie (in milisecunde) : 5183
Exit code ./tools/fileops.sh : 0
Subcomanda rulata : run
Timestamp start : 17:51:29_163
Timestamp end   : 17:51:34_726
Timpul de executie (in milisecunde) : 5562
Exit code ./tools/fileops.sh : 0
Subcomanda rulata : run
Timestamp start : 17:51:29_163
Timestamp end   : 17:51:34_798
Timpul de executie (in milisecunde) : 5634
Exit code ./tools/fileops.sh : 0
