Subcomanda rulata : run
Subcomanda rulata : run
Subcomanda rulata : run
Timestamp start : 16:50:27_710
Timestamp start : 16:50:27_710
Timestamp start : 16:50:27_710
Timestamp end   : 16:50:27_841
Timestamp end   : 16:50:27_842
Timpul de executie (in milisecunde) : 129
Timestamp end   : 16:50:27_840
Timpul de executie (in milisecunde) : 131
Exit code ./tools/fileops.sh : 0
Exit code ./tools/fileops.sh : 0
Timpul de executie (in milisecunde) : 130
Exit code ./tools/fileops.sh : 0
Subcomanda rulata : run
Timestamp start : 16:50:27_710
Timestamp end   : 16:50:27_842
Timpul de executie (in milisecunde) : 131
Exit code ./tools/fileops.sh : 0
Subcomanda rulata : run
Timestamp start : 16:50:27_710
Timestamp end   : 16:50:27_854
Timpul de executie (in milisecunde) : 145
Exit code ./tools/fileops.sh : 0
