Subcomanda rulata : run
Timestamp start : 15:57:03_298
Timestamp end   : 15:57:03_428
Timpul de executie (in milisecunde) : 129
Exit code ./tools/fileops.sh : 0
Subcomanda rulata : run
Timestamp start : 15:57:03_298
Timestamp end   : 15:57:03_428
Timpul de executie (in milisecunde) : 128
Exit code ./tools/fileops.sh : 0
Subcomanda rulata : run
Timestamp start : 15:57:03_298
Timestamp end   : 15:57:03_434
Timpul de executie (in milisecunde) : 136
Exit code ./tools/fileops.sh : 0
Subcomanda rulata : run
Timestamp start : 15:57:03_298
Timestamp end   : 15:57:03_436
Timpul de executie (in milisecunde) : 138
Exit code ./tools/fileops.sh : 0
Subcomanda rulata : run
Timestamp start : 15:57:03_298
Timestamp end   : 15:57:03_447
Timpul de executie (in milisecunde) : 149
Exit code ./tools/fileops.sh : 0
