Subcomanda rulata : run
Timestamp start : 17:12:14_873
Timestamp end   : 17:15:32_368
Timpul de executie (in milisecunde) : 197493
Exit code ./tools/fileops.sh : 0
Subcomanda rulata : run
Timestamp start : 17:12:14_873
Timestamp end   : 17:15:32_644
Timpul de executie (in milisecunde) : 197770
Exit code ./tools/fileops.sh : 0
Subcomanda rulata : run
Timestamp start : 17:12:14_871
Timestamp end   : 17:15:32_841
Timpul de executie (in milisecunde) : 197967
Exit code ./tools/fileops.sh : 0
Subcomanda rulata : run
Timestamp start : 17:12:14_870
Timestamp end   : 17:15:32_889
Timpul de executie (in milisecunde) : 198016
Exit code ./tools/fileops.sh : 0
