Subcomanda rulata : run
Timestamp start : 15:28:37_400
Timestamp end   : 15:28:37_503
Timpul de executie (in milisecunde) : 102
Exit code ./tools/fileops.sh : 0
Subcomanda rulata : run
Timestamp start : 15:28:37_399
Timestamp end   : 15:28:37_510
Timpul de executie (in milisecunde) : 110
Exit code ./tools/fileops.sh : 0
Subcomanda rulata : run
Timestamp start : 15:28:37_400
Timestamp end   : 15:28:37_517
Timpul de executie (in milisecunde) : 114
Exit code ./tools/fileops.sh : 0
Subcomanda rulata : run
Timestamp start : 15:28:37_399
Timestamp end   : 15:28:37_517
Timpul de executie (in milisecunde) : 117
Exit code ./tools/fileops.sh : 0
Subcomanda rulata : run
Timestamp start : 15:28:37_399
Timestamp end   : 15:28:37_525
Timpul de executie (in milisecunde) : 127
Exit code ./tools/fileops.sh : 0
Subcomanda rulata : run
Timestamp start : 15:28:37_556
Subcomanda rulata : run
Timestamp end   : 15:28:37_647
Timpul de executie (in milisecunde) : 91
Exit code ./tools/fileops.sh : 0
Timestamp start : 15:28:37_557
Timestamp end   : 15:28:37_647
Timpul de executie (in milisecunde) : 90
Exit code ./tools/fileops.sh : 0
Subcomanda rulata : run
Subcomanda rulata : run
Timestamp start : 15:28:37_678
Timestamp start : 15:28:37_678
Timestamp end   : 15:28:37_773
Timestamp end   : 15:28:37_773
Timpul de executie (in milisecunde) : 95
Timpul de executie (in milisecunde) : 95
Exit code ./tools/fileops.sh : 0
Exit code ./tools/fileops.sh : 0
Subcomanda rulata : run
Timestamp start : 15:28:37_804
Timestamp end   : 15:28:37_825
Timpul de executie (in milisecunde) : 21
Exit code ./tools/fileops.sh : 0
