Subcomanda rulata : run
Timestamp start : 07:45:49_108
Timestamp end   : 07:45:49_194
Timpul de executie (in milisecunde) : 83
Exit code ./tools/fileops.sh : 0
Subcomanda rulata : run
Timestamp start : 07:45:49_107
Timestamp end   : 07:45:49_202
Timpul de executie (in milisecunde) : 91
Exit code ./tools/fileops.sh : 0
Subcomanda rulata : run
Timestamp start : 07:45:49_107
Timestamp end   : 07:45:49_203
Timpul de executie (in milisecunde) : 92
Exit code ./tools/fileops.sh : 0
Subcomanda rulata : run
Timestamp start : 07:45:49_107
Timestamp end   : 07:45:49_211
Timpul de executie (in milisecunde) : 102
Exit code ./tools/fileops.sh : 0
Subcomanda rulata : run
Timestamp start : 07:45:49_108
Timestamp end   : 07:45:49_216
Timpul de executie (in milisecunde) : 108
Exit code ./tools/fileops.sh : 0
