Subcomanda rulata : run
Subcomanda rulata : run
Timestamp start : 09:35:26_411
Timestamp end   : 09:35:26_506
Timpul de executie (in milisecunde) : 95
Timestamp start : 09:35:26_411
Exit code ./tools/fileops.sh : 0
Timestamp end   : 09:35:26_506
Timpul de executie (in milisecunde) : 95
Exit code ./tools/fileops.sh : 0
Subcomanda rulata : run
Timestamp start : 09:35:26_412
Timestamp end   : 09:35:26_506
Timpul de executie (in milisecunde) : 93
Exit code ./tools/fileops.sh : 0
Subcomanda rulata : run
Timestamp start : 09:35:26_411
Timestamp end   : 09:35:26_507
Timpul de executie (in milisecunde) : 96
Exit code ./tools/fileops.sh : 0
Subcomanda rulata : run
Timestamp start : 09:35:26_411
Timestamp end   : 09:35:26_507
Timpul de executie (in milisecunde) : 95
Exit code ./tools/fileops.sh : 0
Subcomanda rulata : run
Timestamp start : 09:35:26_411
Timestamp end   : 09:35:26_507
Timpul de executie (in milisecunde) : 97
Exit code ./tools/fileops.sh : 0
