Subcomanda rulata : run
Subcomanda rulata : run
Timestamp start : 17:13:24_092
Timestamp start : 17:13:24_093
Timestamp end   : 17:13:24_218
Timestamp end   : 17:13:24_218
Timpul de executie (in milisecunde) : 125
Timpul de executie (in milisecunde) : 124
Exit code ./tools/fileops.sh : 0
Exit code ./tools/fileops.sh : 0
Subcomanda rulata : run
Timestamp start : 17:13:24_091
Timestamp end   : 17:13:24_218
Timpul de executie (in milisecunde) : 124
Exit code ./tools/fileops.sh : 0
Subcomanda rulata : run
Timestamp start : 17:13:24_092
Timestamp end   : 17:13:24_220
Timpul de executie (in milisecunde) : 128
Exit code ./tools/fileops.sh : 0
Subcomanda rulata : run
Timestamp start : 17:13:24_092
Timestamp end   : 17:13:24_220
Timpul de executie (in milisecunde) : 129
Exit code ./tools/fileops.sh : 0
Subcomanda rulata : run
Timestamp start : 17:13:24_264
Timestamp end   : 17:13:24_363
Timpul de executie (in milisecunde) : 100
Exit code ./tools/fileops.sh : 0
Subcomanda rulata : run
Timestamp start : 17:13:24_264
Timestamp end   : 17:13:24_364
Timpul de executie (in milisecunde) : 99
Exit code ./tools/fileops.sh : 0
Subcomanda rulata : run
Timestamp start : 17:13:24_264
Timestamp end   : 17:13:24_373
Timpul de executie (in milisecunde) : 111
Exit code ./tools/fileops.sh : 0
Subcomanda rulata : run
Timestamp start : 17:13:24_264
Timestamp end   : 17:13:24_374
Timpul de executie (in milisecunde) : 108
Exit code ./tools/fileops.sh : 0
Subcomanda rulata : run
Timestamp start : 17:13:24_264
Timestamp end   : 17:13:24_379
Timpul de executie (in milisecunde) : 116
Exit code ./tools/fileops.sh : 0
Subcomanda rulata : run
Timestamp start : 17:13:24_422
Timestamp end   : 17:13:24_523
Timpul de executie (in milisecunde) : 101
Exit code ./tools/fileops.sh : 0
Subcomanda rulata : run
Timestamp start : 17:13:24_558
Timestamp end   : 17:13:24_652
Timpul de executie (in milisecunde) : 96
Exit code ./tools/fileops.sh : 0
