Subcomanda rulata : run
Timestamp start : 12:58:48_306
Timestamp end   : 12:58:48_619
Timpul de executie (in milisecunde) : 315
Exit code ./tools/fileops.sh : 0
Subcomanda rulata : run
Timestamp start : 12:58:48_306
Timestamp end   : 12:58:48_648
Timpul de executie (in milisecunde) : 342
Exit code ./tools/fileops.sh : 0
Subcomanda rulata : run
Timestamp start : 12:58:48_308
Timestamp end   : 12:58:48_663
Timpul de executie (in milisecunde) : 355
Exit code ./tools/fileops.sh : 0
Subcomanda rulata : run
Timestamp start : 12:58:48_306
Timestamp end   : 12:58:48_663
Timpul de executie (in milisecunde) : 358
Exit code ./tools/fileops.sh : 0
Subcomanda rulata : run
Timestamp start : 12:58:48_307
Timestamp end   : 12:58:48_670
Timpul de executie (in milisecunde) : 365
Exit code ./tools/fileops.sh : 0
