Subcomanda rulata : run
Timestamp start : 17:49:10_909
Timestamp end   : 17:49:11_011
Timpul de executie (in milisecunde) : 101
Exit code ./tools/fileops.sh : 0
Subcomanda rulata : run
Timestamp start : 17:49:10_909
Timestamp end   : 17:49:11_021
Timpul de executie (in milisecunde) : 111
Exit code ./tools/fileops.sh : 0
Subcomanda rulata : run
Timestamp start : 17:49:10_909
Timestamp end   : 17:49:11_022
Timpul de executie (in milisecunde) : 112
Exit code ./tools/fileops.sh : 0
Subcomanda rulata : run
Timestamp start : 17:49:10_910
Timestamp end   : 17:49:11_045
Timpul de executie (in milisecunde) : 134
Exit code ./tools/fileops.sh : 0
Subcomanda rulata : run
Timestamp start : 17:49:10_909
Timestamp end   : 17:49:11_046
Timpul de executie (in milisecunde) : 137
Exit code ./tools/fileops.sh : 0
Subcomanda rulata : run
Timestamp start : 17:49:11_088
Timestamp end   : 17:49:11_191
Timpul de executie (in milisecunde) : 104
Exit code ./tools/fileops.sh : 0
