Subcomanda rulata : run
Subcomanda rulata : run
Timestamp start : 17:44:40_352
Timestamp end   : 17:44:40_479
Timestamp start : 17:44:40_351
Timpul de executie (in milisecunde) : 125
Exit code ./tools/fileops.sh : 0
Timestamp end   : 17:44:40_479
Timpul de executie (in milisecunde) : 126
Exit code ./tools/fileops.sh : 0
Subcomanda rulata : run
Timestamp start : 17:44:40_352
Timestamp end   : 17:44:40_482
Timpul de executie (in milisecunde) : 128
Exit code ./tools/fileops.sh : 0
Subcomanda rulata : run
Timestamp start : 17:44:40_351
Timestamp end   : 17:44:40_484
Timpul de executie (in milisecunde) : 132
Exit code ./tools/fileops.sh : 0
Subcomanda rulata : run
Timestamp start : 17:44:40_351
Timestamp end   : 17:44:40_491
Timpul de executie (in milisecunde) : 139
Exit code ./tools/fileops.sh : 0
Subcomanda rulata : run
Timestamp start : 17:44:40_535
Timestamp end   : 17:44:40_645
Timpul de executie (in milisecunde) : 111
Exit code ./tools/fileops.sh : 0
Subcomanda rulata : run
Timestamp start : 17:44:40_535
Timestamp end   : 17:44:40_645
Timpul de executie (in milisecunde) : 110
Exit code ./tools/fileops.sh : 0
Subcomanda rulata : run
Timestamp start : 17:44:40_535
Timestamp end   : 17:44:40_653
Timpul de executie (in milisecunde) : 117
Exit code ./tools/fileops.sh : 0
Subcomanda rulata : run
Timestamp start : 17:44:40_535
Timestamp end   : 17:44:40_653
Timpul de executie (in milisecunde) : 119
Exit code ./tools/fileops.sh : 0
Subcomanda rulata : run
Timestamp start : 17:44:40_535
Timestamp end   : 17:44:40_663
Timpul de executie (in milisecunde) : 128
Exit code ./tools/fileops.sh : 0
Subcomanda rulata : run
Timestamp start : 17:44:40_703
Timestamp end   : 17:44:40_804
Timpul de executie (in milisecunde) : 102
Exit code ./tools/fileops.sh : 0
