Subcomanda rulata : run
Timestamp start : 16:44:59_747
Timestamp end   : 16:44:59_875
Timpul de executie (in milisecunde) : 128
Exit code ./tools/fileops.sh : 0
Subcomanda rulata : run
Timestamp start : 16:44:59_747
Timestamp end   : 16:44:59_875
Timpul de executie (in milisecunde) : 128
Exit code ./tools/fileops.sh : 0
Subcomanda rulata : run
Timestamp start : 16:44:59_747
Timestamp end   : 16:44:59_875
Timpul de executie (in milisecunde) : 128
Exit code ./tools/fileops.sh : 0
Subcomanda rulata : run
Timestamp start : 16:44:59_746
Timestamp end   : 16:44:59_880
Timpul de executie (in milisecunde) : 135
Exit code ./tools/fileops.sh : 0
Subcomanda rulata : run
Timestamp start : 16:44:59_747
Timestamp end   : 16:44:59_890
Timpul de executie (in milisecunde) : 144
Exit code ./tools/fileops.sh : 0
