Subcomanda rulata : run
Timestamp start : 16:44:38_332
Timestamp end   : 16:44:38_470
Timpul de executie (in milisecunde) : 138
Exit code ./tools/fileops.sh : 0
Subcomanda rulata : run
Timestamp start : 16:44:38_331
Timestamp end   : 16:44:38_471
Timpul de executie (in milisecunde) : 139
Exit code ./tools/fileops.sh : 0
Subcomanda rulata : run
Timestamp start : 16:44:38_333
Timestamp end   : 16:44:38_474
Timpul de executie (in milisecunde) : 141
Exit code ./tools/fileops.sh : 0
Subcomanda rulata : run
Timestamp start : 16:44:38_334
Timestamp end   : 16:44:38_476
Timpul de executie (in milisecunde) : 142
Exit code ./tools/fileops.sh : 0
Subcomanda rulata : run
Timestamp start : 16:44:38_333
Timestamp end   : 16:44:38_479
Timpul de executie (in milisecunde) : 144
Exit code ./tools/fileops.sh : 0
