Subcomanda rulata : run
Timestamp start : 07:45:47_911
Timestamp end   : 07:45:48_047
Timpul de executie (in milisecunde) : 136
Exit code ./tools/fileops.sh : 0
Subcomanda rulata : run
Timestamp start : 07:45:47_910
Timestamp end   : 07:45:48_048
Timpul de executie (in milisecunde) : 137
Exit code ./tools/fileops.sh : 0
Subcomanda rulata : run
Timestamp start : 07:45:47_910
Timestamp end   : 07:45:48_048
Timpul de executie (in milisecunde) : 138
Exit code ./tools/fileops.sh : 0
Subcomanda rulata : run
Timestamp start : 07:45:47_910
Timestamp end   : 07:45:48_053
Timpul de executie (in milisecunde) : 143
Exit code ./tools/fileops.sh : 0
Subcomanda rulata : run
Timestamp start : 07:45:47_911
Timestamp end   : 07:45:48_049
Timpul de executie (in milisecunde) : 139
Exit code ./tools/fileops.sh : 0
