Subcomanda rulata : run
Subcomanda rulata : run
Timestamp start : 18:14:58_379
Timestamp start : 18:14:58_378
Timestamp end   : 18:14:58_468
Timpul de executie (in milisecunde) : 90
Timestamp end   : 18:14:58_468
Exit code ./tools/fileops.sh : 0
Timpul de executie (in milisecunde) : 91
Exit code ./tools/fileops.sh : 0
Subcomanda rulata : run
Subcomanda rulata : run
Timestamp start : 18:14:58_378
Timestamp start : 18:14:58_377
Timestamp end   : 18:14:58_470
Timestamp end   : 18:14:58_471
Timpul de executie (in milisecunde) : 96
Exit code ./tools/fileops.sh : 0
Timpul de executie (in milisecunde) : 95
Exit code ./tools/fileops.sh : 0
