Subcomanda rulata : run
Timestamp start : 16:51:45_232
Timestamp end   : 16:51:45_248
Timpul de executie (in milisecunde) : 16
Exit code ./tools/fileops.sh : 0
Subcomanda rulata : run
Timestamp start : 16:51:45_231
Timestamp end   : 16:51:45_248
Timpul de executie (in milisecunde) : 18
Exit code ./tools/fileops.sh : 0
Subcomanda rulata : run
Timestamp start : 16:51:45_232
Timestamp end   : 16:51:45_249
Timpul de executie (in milisecunde) : 19
Exit code ./tools/fileops.sh : 0
Subcomanda rulata : run
Timestamp start : 16:51:45_231
Timestamp end   : 16:51:45_248
Timpul de executie (in milisecunde) : 18
Exit code ./tools/fileops.sh : 0
