Subcomanda rulata : run
Timestamp start : 14:26:36_916
Timestamp end   : 14:26:37_194
Timpul de executie (in milisecunde) : 278
Exit code ./tools/fileops.sh : 0
Subcomanda rulata : run
Timestamp start : 14:26:36_916
Timestamp end   : 14:26:37_205
Timpul de executie (in milisecunde) : 285
Exit code ./tools/fileops.sh : 0
Subcomanda rulata : run
Timestamp start : 14:26:36_916
Timestamp end   : 14:26:37_204
Timpul de executie (in milisecunde) : 284
Exit code ./tools/fileops.sh : 0
Subcomanda rulata : run
Timestamp start : 14:26:36_916
Timestamp end   : 14:26:37_205
Timpul de executie (in milisecunde) : 286
Exit code ./tools/fileops.sh : 0
Subcomanda rulata : run
Timestamp start : 14:26:36_916
Timestamp end   : 14:26:37_210
Timpul de executie (in milisecunde) : 291
Exit code ./tools/fileops.sh : 0
