Subcomanda rulata : run
Timestamp start : 15:40:47_774
Timestamp end   : 15:40:47_893
Subcomanda rulata : run
Timpul de executie (in milisecunde) : 118
Exit code ./tools/fileops.sh : 0
Timestamp start : 15:40:47_774
Timestamp end   : 15:40:47_893
Timpul de executie (in milisecunde) : 119
Exit code ./tools/fileops.sh : 0
Subcomanda rulata : run
Timestamp start : 15:40:47_774
Subcomanda rulata : run
Timestamp end   : 15:40:47_894
Timestamp start : 15:40:47_774
Timestamp end   : 15:40:47_894
Timpul de executie (in milisecunde) : 119
Timpul de executie (in milisecunde) : 121
Exit code ./tools/fileops.sh : 0
Exit code ./tools/fileops.sh : 0
Subcomanda rulata : run
Timestamp start : 15:40:47_774
Timestamp end   : 15:40:47_903
Timpul de executie (in milisecunde) : 130
Exit code ./tools/fileops.sh : 0
