Subcomanda rulata : run
Timestamp start : 16:54:23_781
Timestamp end   : 16:54:23_798
Timpul de executie (in milisecunde) : 19
Exit code ./tools/fileops.sh : 0
Subcomanda rulata : run
Timestamp start : 16:54:23_783
Timestamp end   : 16:54:23_802
Timpul de executie (in milisecunde) : 21
Exit code ./tools/fileops.sh : 0
Subcomanda rulata : run
Timestamp start : 16:54:23_783
Timestamp end   : 16:54:23_804
Timpul de executie (in milisecunde) : 21
Exit code ./tools/fileops.sh : 0
Subcomanda rulata : run
Timestamp start : 16:54:23_783
Timestamp end   : 16:54:23_804
Timpul de executie (in milisecunde) : 21
Exit code ./tools/fileops.sh : 0
