Subcomanda rulata : run
Timestamp start : 14:26:38_279
Timestamp end   : 14:26:38_390
Timpul de executie (in milisecunde) : 114
Exit code ./tools/fileops.sh : 0
Subcomanda rulata : run
Timestamp start : 14:26:38_278
Timestamp end   : 14:26:38_393
Timpul de executie (in milisecunde) : 117
Exit code ./tools/fileops.sh : 0
Subcomanda rulata : run
Timestamp start : 14:26:38_279
Timestamp end   : 14:26:38_403
Timpul de executie (in milisecunde) : 129
Exit code ./tools/fileops.sh : 0
Subcomanda rulata : run
Timestamp start : 14:26:38_278
Timestamp end   : 14:26:38_404
Timpul de executie (in milisecunde) : 129
Exit code ./tools/fileops.sh : 0
Subcomanda rulata : run
Timestamp start : 14:26:38_278
Timestamp end   : 14:26:38_410
Timpul de executie (in milisecunde) : 136
Exit code ./tools/fileops.sh : 0
