Subcomanda rulata : run
Timestamp start : 17:20:16_740
Timestamp end   : 17:20:16_861
Timpul de executie (in milisecunde) : 120
Exit code ./tools/fileops.sh : 0
Subcomanda rulata : run
Timestamp start : 17:20:16_740
Timestamp end   : 17:20:16_862
Timpul de executie (in milisecunde) : 121
Exit code ./tools/fileops.sh : 0
Subcomanda rulata : run
Timestamp start : 17:20:16_740
Timestamp end   : 17:20:16_861
Timpul de executie (in milisecunde) : 120
Exit code ./tools/fileops.sh : 0
Subcomanda rulata : run
Timestamp start : 17:20:16_740
Timestamp end   : 17:20:16_861
Timpul de executie (in milisecunde) : 120
Exit code ./tools/fileops.sh : 0
Subcomanda rulata : run
Timestamp start : 17:20:16_740
Timestamp end   : 17:20:16_866
Timpul de executie (in milisecunde) : 125
Exit code ./tools/fileops.sh : 0
