Subcomanda rulata : run
Timestamp start : 13:01:24_778
Timestamp end   : 13:01:24_863
Timpul de executie (in milisecunde) : 84
Exit code ./tools/fileops.sh : 0
Subcomanda rulata : run
Timestamp start : 13:01:24_777
Timestamp end   : 13:01:24_868
Timpul de executie (in milisecunde) : 92
Exit code ./tools/fileops.sh : 0
Subcomanda rulata : run
Timestamp start : 13:01:24_777
Timestamp end   : 13:01:24_869
Timpul de executie (in milisecunde) : 91
Exit code ./tools/fileops.sh : 0
Subcomanda rulata : run
Timestamp start : 13:01:24_777
Timestamp end   : 13:01:24_873
Timpul de executie (in milisecunde) : 97
Exit code ./tools/fileops.sh : 0
Subcomanda rulata : run
Timestamp start : 13:01:24_778
Timestamp end   : 13:01:24_875
Timpul de executie (in milisecunde) : 98
Exit code ./tools/fileops.sh : 0
