Subcomanda rulata : run
Subcomanda rulata : run
Timestamp start : 17:15:33_906
Timestamp end   : 17:15:34_031
Timestamp start : 17:15:33_906
Timestamp end   : 17:15:34_031
Timpul de executie (in milisecunde) : 124
Timpul de executie (in milisecunde) : 125
Exit code ./tools/fileops.sh : 0
Exit code ./tools/fileops.sh : 0
Subcomanda rulata : run
Subcomanda rulata : run
Timestamp start : 17:15:33_906
Timestamp start : 17:15:33_906
Timestamp end   : 17:15:34_031
Timestamp end   : 17:15:34_034
Timpul de executie (in milisecunde) : 124
Timpul de executie (in milisecunde) : 127
Exit code ./tools/fileops.sh : 0
Exit code ./tools/fileops.sh : 0
Subcomanda rulata : run
Timestamp start : 17:15:33_906
Timestamp end   : 17:15:34_038
Timpul de executie (in milisecunde) : 132
Exit code ./tools/fileops.sh : 0
Subcomanda rulata : run
Timestamp start : 17:15:34_083
Subcomanda rulata : run
Timestamp end   : 17:15:34_189
Timestamp start : 17:15:34_083
Timpul de executie (in milisecunde) : 106
Exit code ./tools/fileops.sh : 0
Timestamp end   : 17:15:34_189
Timpul de executie (in milisecunde) : 106
Exit code ./tools/fileops.sh : 0
Subcomanda rulata : run
Timestamp start : 17:15:34_083
Timestamp end   : 17:15:34_195
Timpul de executie (in milisecunde) : 112
Exit code ./tools/fileops.sh : 0
Subcomanda rulata : run
Timestamp start : 17:15:34_083
Timestamp end   : 17:15:34_195
Timpul de executie (in milisecunde) : 111
Exit code ./tools/fileops.sh : 0
Subcomanda rulata : run
Timestamp start : 17:15:34_083
Timestamp end   : 17:15:34_203
Timpul de executie (in milisecunde) : 121
Exit code ./tools/fileops.sh : 0
Subcomanda rulata : run
Timestamp start : 17:15:34_244
Timestamp end   : 17:15:34_340
Timpul de executie (in milisecunde) : 97
Exit code ./tools/fileops.sh : 0
