Subcomanda rulata : run
Subcomanda rulata : run
Timestamp start : 18:00:08_011
Timestamp end   : 18:00:08_136
Timestamp start : 18:00:08_011
Timpul de executie (in milisecunde) : 125
Exit code ./tools/fileops.sh : 0
Timestamp end   : 18:00:08_136
Timpul de executie (in milisecunde) : 124
Exit code ./tools/fileops.sh : 0
Subcomanda rulata : run
Timestamp start : 18:00:08_011
Timestamp end   : 18:00:08_140
Timpul de executie (in milisecunde) : 129
Exit code ./tools/fileops.sh : 0
Subcomanda rulata : run
Timestamp start : 18:00:08_011
Timestamp end   : 18:00:08_143
Timpul de executie (in milisecunde) : 133
Exit code ./tools/fileops.sh : 0
Subcomanda rulata : run
Timestamp start : 18:00:08_011
Timestamp end   : 18:00:08_145
Timpul de executie (in milisecunde) : 134
Exit code ./tools/fileops.sh : 0
Subcomanda rulata : run
Timestamp start : 18:00:08_190
Timestamp end   : 18:00:08_280
Timpul de executie (in milisecunde) : 92
Exit code ./tools/fileops.sh : 0
Subcomanda rulata : run
Timestamp start : 18:00:08_190
Timestamp end   : 18:00:08_280
Timpul de executie (in milisecunde) : 91
Exit code ./tools/fileops.sh : 0
Subcomanda rulata : run
Timestamp start : 18:00:08_190
Timestamp end   : 18:00:08_289
Timpul de executie (in milisecunde) : 100
Exit code ./tools/fileops.sh : 0
Subcomanda rulata : run
Timestamp start : 18:00:08_189
Timestamp end   : 18:00:08_288
Timpul de executie (in milisecunde) : 100
Exit code ./tools/fileops.sh : 0
Subcomanda rulata : run
Timestamp start : 18:00:08_191
Timestamp end   : 18:00:08_292
Timpul de executie (in milisecunde) : 101
Exit code ./tools/fileops.sh : 0
Subcomanda rulata : run
Timestamp start : 18:00:08_334
Timestamp end   : 18:00:08_429
Timpul de executie (in milisecunde) : 97
Exit code ./tools/fileops.sh : 0
