Subcomanda rulata : run
Timestamp start : 17:48:04_967
Timestamp end   : 17:48:05_070
Timpul de executie (in milisecunde) : 105
Exit code ./tools/fileops.sh : 0
Subcomanda rulata : run
Timestamp start : 17:48:04_967
Timestamp end   : 17:48:05_088
Timpul de executie (in milisecunde) : 121
Exit code ./tools/fileops.sh : 0
Subcomanda rulata : run
Timestamp start : 17:48:04_967
Timestamp end   : 17:48:05_088
Timpul de executie (in milisecunde) : 121
Exit code ./tools/fileops.sh : 0
Subcomanda rulata : run
Timestamp start : 17:48:04_967
Timestamp end   : 17:48:05_089
Timpul de executie (in milisecunde) : 122
Exit code ./tools/fileops.sh : 0
Subcomanda rulata : run
Timestamp start : 17:48:04_967
Timestamp end   : 17:48:05_091
Timpul de executie (in milisecunde) : 123
Exit code ./tools/fileops.sh : 0
Subcomanda rulata : run
Timestamp start : 17:48:05_131
Timestamp end   : 17:48:05_232
Timpul de executie (in milisecunde) : 102
Exit code ./tools/fileops.sh : 0
