Subcomanda rulata : run
Timestamp start : 17:09:16_172
Timestamp end   : 17:09:16_303
Timpul de executie (in milisecunde) : 130
Exit code ./tools/fileops.sh : 0
Subcomanda rulata : run
Timestamp start : 17:09:16_172
Timestamp end   : 17:09:16_303
Timpul de executie (in milisecunde) : 131
Exit code ./tools/fileops.sh : 0
Subcomanda rulata : run
Timestamp start : 17:09:16_172
Timestamp end   : 17:09:16_304
Timpul de executie (in milisecunde) : 131
Exit code ./tools/fileops.sh : 0
Subcomanda rulata : run
Timestamp start : 17:09:16_172
Timestamp end   : 17:09:16_314
Timpul de executie (in milisecunde) : 142
Exit code ./tools/fileops.sh : 0
Subcomanda rulata : run
Timestamp start : 17:09:16_172
Timestamp end   : 17:09:16_316
Timpul de executie (in milisecunde) : 144
Exit code ./tools/fileops.sh : 0
Subcomanda rulata : run
Timestamp start : 17:09:16_363
Timestamp end   : 17:09:16_377
Timpul de executie (in milisecunde) : 14
Exit code ./tools/fileops.sh : 2
Subcomanda rulata : run
Timestamp start : 17:09:16_363
Timestamp end   : 17:09:16_377
Subcomanda rulata : run
Timpul de executie (in milisecunde) : 15
Exit code ./tools/fileops.sh : 2
Timestamp start : 17:09:16_363
Timestamp end   : 17:09:16_377
Timpul de executie (in milisecunde) : 16
Exit code ./tools/fileops.sh : 2
Subcomanda rulata : run
Timestamp start : 17:09:16_364
Timestamp end   : 17:09:16_377
Timpul de executie (in milisecunde) : 15
Exit code ./tools/fileops.sh : 2
Subcomanda rulata : run
Timestamp start : 17:09:16_363
Timestamp end   : 17:09:16_378
Timpul de executie (in milisecunde) : 16
Exit code ./tools/fileops.sh : 2
