Subcomanda rulata : run
Timestamp start : 11:20:21_567
Timestamp end   : 11:20:21_650
Timpul de executie (in milisecunde) : 84
Exit code ./tools/fileops.sh : 0
Subcomanda rulata : run
Timestamp start : 11:20:21_682
Timestamp end   : 11:20:21_708
Timpul de executie (in milisecunde) : 25
Exit code ./tools/fileops.sh : 0
Subcomanda rulata : init
Timestamp start : 11:20:21_744
Timestamp end   : 11:20:21_765
Timpul de executie (in milisecunde) : 21
Exit code ./tools/fileops.sh : 0
Subcomanda rulata : build
Timestamp start : 11:20:21_838
Timestamp end   : 11:20:21_985
Timpul de executie (in milisecunde) : 147
Exit code ./tools/fileops.sh : 0
