Subcomanda rulata : run
Timestamp start : 16:14:39_610
Timestamp end   : 16:14:39_740
Timpul de executie (in milisecunde) : 130
Exit code ./tools/fileops.sh : 0
Subcomanda rulata : run
Timestamp start : 16:14:39_624
Timestamp end   : 16:14:39_741
Timpul de executie (in milisecunde) : 117
Exit code ./tools/fileops.sh : 0
Subcomanda rulata : run
Subcomanda rulata : run
Timestamp start : 16:14:39_620
Timestamp end   : 16:14:39_741
Timestamp start : 16:14:39_614
Timpul de executie (in milisecunde) : 121
Timestamp end   : 16:14:39_741
Exit code ./tools/fileops.sh : 0
Timpul de executie (in milisecunde) : 126
Exit code ./tools/fileops.sh : 0
Subcomanda rulata : run
Timestamp start : 16:14:39_605
Timestamp end   : 16:14:39_747
Timpul de executie (in milisecunde) : 140
Exit code ./tools/fileops.sh : 0
