Subcomanda rulata : run
Timestamp start : 17:36:16_411
Timestamp end   : 17:36:16_444
Timpul de executie (in milisecunde) : 31
Exit code ./tools/fileops.sh : 0
Subcomanda rulata : run
Timestamp start : 17:36:16_411
Timestamp end   : 17:36:16_446
Timpul de executie (in milisecunde) : 34
Exit code ./tools/fileops.sh : 0
Subcomanda rulata : run
Timestamp start : 17:36:16_411
Timestamp end   : 17:36:16_444
Timpul de executie (in milisecunde) : 34
Exit code ./tools/fileops.sh : 0
Subcomanda rulata : run
Timestamp start : 17:36:16_411
Timestamp end   : 17:36:16_446
Timpul de executie (in milisecunde) : 36
Exit code ./tools/fileops.sh : 0
Subcomanda rulata : run
Timestamp start : 17:36:16_411
Timestamp end   : 17:36:16_448
Timpul de executie (in milisecunde) : 38
Exit code ./tools/fileops.sh : 0
