Subcomanda rulata : run
Subcomanda rulata : run
Timestamp start : 17:48:33_395
Timestamp end   : 17:48:33_522
Timestamp start : 17:48:33_395
Timpul de executie (in milisecunde) : 127
Exit code ./tools/fileops.sh : 0
Timestamp end   : 17:48:33_522
Timpul de executie (in milisecunde) : 126
Exit code ./tools/fileops.sh : 0
Subcomanda rulata : run
Timestamp start : 17:48:33_395
Timestamp end   : 17:48:33_522
Timpul de executie (in milisecunde) : 126
Exit code ./tools/fileops.sh : 0
Subcomanda rulata : run
Timestamp start : 17:48:33_395
Timestamp end   : 17:48:33_522
Timpul de executie (in milisecunde) : 129
Exit code ./tools/fileops.sh : 0
Subcomanda rulata : run
Timestamp start : 17:48:33_395
Timestamp end   : 17:48:33_526
Timpul de executie (in milisecunde) : 131
Exit code ./tools/fileops.sh : 0
Subcomanda rulata : run
Timestamp start : 17:48:33_571
Timestamp end   : 17:48:33_684
Timpul de executie (in milisecunde) : 113
Exit code ./tools/fileops.sh : 0
Subcomanda rulata : run
Timestamp start : 17:48:33_570
Timestamp end   : 17:48:33_683
Timpul de executie (in milisecunde) : 115
Exit code ./tools/fileops.sh : 0
Subcomanda rulata : run
Timestamp start : 17:48:33_570
Timestamp end   : 17:48:33_687
Timpul de executie (in milisecunde) : 119
Exit code ./tools/fileops.sh : 0
Subcomanda rulata : run
Timestamp start : 17:48:33_570
Timestamp end   : 17:48:33_691
Timpul de executie (in milisecunde) : 121
Exit code ./tools/fileops.sh : 0
Subcomanda rulata : run
Timestamp start : 17:48:33_571
Timestamp end   : 17:48:33_691
Timpul de executie (in milisecunde) : 120
Exit code ./tools/fileops.sh : 0
Subcomanda rulata : run
Timestamp start : 17:48:33_733
Timestamp end   : 17:48:33_832
Timpul de executie (in milisecunde) : 100
Exit code ./tools/fileops.sh : 0
