Subcomanda rulata : run
Subcomanda rulata : run
Subcomanda rulata : run
Timestamp start : 08:58:20_956
Timestamp start : 08:58:20_956
Timestamp start : 08:58:20_956
Timestamp end   : 08:58:21_005
Timestamp end   : 08:58:21_008
Timpul de executie (in milisecunde) : 49
Timestamp end   : 08:58:21_007
Timpul de executie (in milisecunde) : 51
Exit code ./tools/fileops.sh : 0
Exit code ./tools/fileops.sh : 0
Timpul de executie (in milisecunde) : 50
Exit code ./tools/fileops.sh : 0
Subcomanda rulata : run
Timestamp start : 08:58:20_956
Timestamp end   : 08:58:21_009
Timpul de executie (in milisecunde) : 52
Exit code ./tools/fileops.sh : 0
