Subcomanda rulata : run
Timestamp start : 17:50:10_682
Timestamp end   : 17:50:10_806
Timpul de executie (in milisecunde) : 124
Exit code ./tools/fileops.sh : 0
Subcomanda rulata : run
Timestamp start : 17:50:10_681
Timestamp end   : 17:50:10_806
Timpul de executie (in milisecunde) : 124
Exit code ./tools/fileops.sh : 0
Subcomanda rulata : run
Timestamp start : 17:50:10_681
Timestamp end   : 17:50:10_807
Timpul de executie (in milisecunde) : 126
Exit code ./tools/fileops.sh : 0
Subcomanda rulata : run
Timestamp start : 17:50:10_682
Timestamp end   : 17:50:10_811
Timpul de executie (in milisecunde) : 128
Exit code ./tools/fileops.sh : 0
Subcomanda rulata : run
Timestamp start : 17:50:10_681
Timestamp end   : 17:50:10_811
Timpul de executie (in milisecunde) : 129
Exit code ./tools/fileops.sh : 0
Subcomanda rulata : run
Timestamp start : 17:50:10_854
Subcomanda rulata : run
Subcomanda rulata : run
Timestamp end   : 17:50:10_967
Timestamp start : 17:50:10_855
Timestamp start : 17:50:10_854
Timpul de executie (in milisecunde) : 114
Timestamp end   : 17:50:10_967
Timestamp end   : 17:50:10_967
Exit code ./tools/fileops.sh : 0
Timpul de executie (in milisecunde) : 114
Timpul de executie (in milisecunde) : 114
Exit code ./tools/fileops.sh : 0
Exit code ./tools/fileops.sh : 0
Subcomanda rulata : run
Timestamp start : 17:50:10_854
Timestamp end   : 17:50:10_968
Timpul de executie (in milisecunde) : 114
Exit code ./tools/fileops.sh : 0
Subcomanda rulata : run
Timestamp start : 17:50:10_854
Timestamp end   : 17:50:10_970
Timpul de executie (in milisecunde) : 118
Exit code ./tools/fileops.sh : 0
