Subcomanda rulata : run
Timestamp start : 14:24:11_576
Timestamp end   : 14:24:11_678
Timpul de executie (in milisecunde) : 99
Exit code ./tools/fileops.sh : 0
Subcomanda rulata : run
Timestamp start : 14:24:11_575
Timestamp end   : 14:24:11_682
Timpul de executie (in milisecunde) : 106
Exit code ./tools/fileops.sh : 0
Subcomanda rulata : run
Timestamp start : 14:24:11_575
Timestamp end   : 14:24:11_683
Timpul de executie (in milisecunde) : 107
Exit code ./tools/fileops.sh : 0
Subcomanda rulata : run
Timestamp start : 14:24:11_575
Timestamp end   : 14:24:11_690
Timpul de executie (in milisecunde) : 115
Exit code ./tools/fileops.sh : 0
Subcomanda rulata : run
Timestamp start : 14:24:11_576
Timestamp end   : 14:24:11_691
Timpul de executie (in milisecunde) : 114
Exit code ./tools/fileops.sh : 0
