Subcomanda rulata : run
Subcomanda rulata : run
Timestamp start : 16:26:43_351
Timestamp start : 16:26:43_351
Timestamp end   : 16:26:43_475
Timestamp end   : 16:26:43_474
Timpul de executie (in milisecunde) : 123
Timpul de executie (in milisecunde) : 123
Exit code ./tools/fileops.sh : 0
Exit code ./tools/fileops.sh : 0
Subcomanda rulata : run
Timestamp start : 16:26:43_350
Timestamp end   : 16:26:43_474
Timpul de executie (in milisecunde) : 124
Exit code ./tools/fileops.sh : 0
Subcomanda rulata : run
Timestamp start : 16:26:43_350
Timestamp end   : 16:26:43_474
Timpul de executie (in milisecunde) : 122
Exit code ./tools/fileops.sh : 0
Subcomanda rulata : run
Timestamp start : 16:26:43_352
Timestamp end   : 16:26:43_484
Timpul de executie (in milisecunde) : 131
Exit code ./tools/fileops.sh : 0
