Subcomanda rulata : run
Timestamp start : 16:17:05_089
Timestamp end   : 16:17:05_204
Timpul de executie (in milisecunde) : 113
Exit code ./tools/fileops.sh : 0
Subcomanda rulata : run
Timestamp start : 16:17:05_083
Timestamp end   : 16:17:05_206
Timpul de executie (in milisecunde) : 123
Exit code ./tools/fileops.sh : 0
Subcomanda rulata : run
Timestamp start : 16:17:05_078
Timestamp end   : 16:17:05_208
Timpul de executie (in milisecunde) : 131
Exit code ./tools/fileops.sh : 0
Subcomanda rulata : run
Timestamp start : 16:17:05_093
Timestamp end   : 16:17:05_210
Timpul de executie (in milisecunde) : 117
Exit code ./tools/fileops.sh : 0
Subcomanda rulata : run
Timestamp start : 16:17:05_072
Timestamp end   : 16:17:05_219
Timpul de executie (in milisecunde) : 148
Exit code ./tools/fileops.sh : 0
