Subcomanda rulata : run
Timestamp start : 17:48:12_918
Timestamp end   : 17:48:13_021
Timpul de executie (in milisecunde) : 102
Exit code ./tools/fileops.sh : 0
Subcomanda rulata : run
Timestamp start : 17:48:12_918
Timestamp end   : 17:48:13_020
Timpul de executie (in milisecunde) : 104
Exit code ./tools/fileops.sh : 0
Subcomanda rulata : run
Timestamp start : 17:48:12_918
Timestamp end   : 17:48:13_033
Timpul de executie (in milisecunde) : 116
Exit code ./tools/fileops.sh : 0
Subcomanda rulata : run
Timestamp start : 17:48:12_918
Timestamp end   : 17:48:13_033
Timpul de executie (in milisecunde) : 115
Exit code ./tools/fileops.sh : 0
Subcomanda rulata : run
Timestamp start : 17:48:12_919
Timestamp end   : 17:48:13_041
Timpul de executie (in milisecunde) : 123
Exit code ./tools/fileops.sh : 0
Subcomanda rulata : run
Timestamp start : 17:48:13_083
Timestamp end   : 17:48:13_194
Timpul de executie (in milisecunde) : 111
Exit code ./tools/fileops.sh : 0
