Subcomanda rulata : run
Timestamp start : 14:11:01_836
Timestamp end   : 14:11:01_859
Timpul de executie (in milisecunde) : 22
Exit code ./tools/fileops.sh : 0
Subcomanda rulata : run
Timestamp start : 14:11:01_836
Timestamp end   : 14:11:01_858
Timpul de executie (in milisecunde) : 23
Exit code ./tools/fileops.sh : 0
Subcomanda rulata : run
Timestamp start : 14:11:01_835
Timestamp end   : 14:11:01_861
Timpul de executie (in milisecunde) : 25
Exit code ./tools/fileops.sh : 0
Subcomanda rulata : run
Timestamp start : 14:11:01_835
Timestamp end   : 14:11:01_860
Timpul de executie (in milisecunde) : 24
Exit code ./tools/fileops.sh : 0
