Subcomanda rulata : run
Timestamp start : 17:29:03_026
Timestamp end   : 17:29:03_125
Timpul de executie (in milisecunde) : 98
Exit code ./tools/fileops.sh : 0
Subcomanda rulata : run
Timestamp start : 17:29:03_026
Timestamp end   : 17:29:03_127
Timpul de executie (in milisecunde) : 99
Exit code ./tools/fileops.sh : 0
Subcomanda rulata : run
Timestamp start : 17:29:03_026
Timestamp end   : 17:29:03_141
Timpul de executie (in milisecunde) : 113
Exit code ./tools/fileops.sh : 0
Subcomanda rulata : run
Timestamp start : 17:29:03_027
Timestamp end   : 17:29:03_140
Timpul de executie (in milisecunde) : 114
Exit code ./tools/fileops.sh : 0
Subcomanda rulata : run
Timestamp start : 17:29:03_026
Timestamp end   : 17:29:03_149
Timpul de executie (in milisecunde) : 122
Exit code ./tools/fileops.sh : 0
Subcomanda rulata : run
Timestamp start : 17:29:03_190
Timestamp end   : 17:29:03_285
Timpul de executie (in milisecunde) : 96
Exit code ./tools/fileops.sh : 0
