Subcomanda rulata : run
Timestamp start : 07:38:10_190
Timestamp end   : 07:38:10_316
Timpul de executie (in milisecunde) : 126
Exit code ./tools/fileops.sh : 0
Subcomanda rulata : run
Timestamp start : 07:38:10_191
Timestamp end   : 07:38:10_316
Timpul de executie (in milisecunde) : 125
Exit code ./tools/fileops.sh : 0
Subcomanda rulata : run
Timestamp start : 07:38:10_190
Timestamp end   : 07:38:10_319
Timpul de executie (in milisecunde) : 129
Exit code ./tools/fileops.sh : 0
Subcomanda rulata : run
Timestamp start : 07:38:10_191
Timestamp end   : 07:38:10_316
Timpul de executie (in milisecunde) : 126
Exit code ./tools/fileops.sh : 0
Subcomanda rulata : run
Timestamp start : 07:38:10_191
Timestamp end   : 07:38:10_324
Timpul de executie (in milisecunde) : 132
Exit code ./tools/fileops.sh : 0
Subcomanda rulata : run
Timestamp start : 07:38:10_371
Subcomanda rulata : run
Timestamp end   : 07:38:10_460
Timestamp start : 07:38:10_371
Timpul de executie (in milisecunde) : 90
Exit code ./tools/fileops.sh : 0
Timestamp end   : 07:38:10_460
Timpul de executie (in milisecunde) : 91
Exit code ./tools/fileops.sh : 0
Subcomanda rulata : run
Timestamp start : 07:38:10_371
Timestamp end   : 07:38:10_468
Timpul de executie (in milisecunde) : 97
Exit code ./tools/fileops.sh : 0
Subcomanda rulata : run
Timestamp start : 07:38:10_371
Timestamp end   : 07:38:10_478
Timpul de executie (in milisecunde) : 106
Exit code ./tools/fileops.sh : 0
Subcomanda rulata : run
Timestamp start : 07:38:10_371
Timestamp end   : 07:38:10_481
Timpul de executie (in milisecunde) : 110
Exit code ./tools/fileops.sh : 0
Subcomanda rulata : run
Timestamp start : 07:38:10_523
Timestamp end   : 07:38:10_634
Timpul de executie (in milisecunde) : 110
Exit code ./tools/fileops.sh : 0
