Subcomanda rulata : run
Timestamp start : 17:16:57_592
Timestamp end   : 17:16:57_715
Timpul de executie (in milisecunde) : 121
Exit code ./tools/fileops.sh : 0
Subcomanda rulata : run
Subcomanda rulata : run
Timestamp start : 17:16:57_592
Timestamp end   : 17:16:57_714
Timestamp start : 17:16:57_592
Timpul de executie (in milisecunde) : 121
Timestamp end   : 17:16:57_713
Exit code ./tools/fileops.sh : 0
Timpul de executie (in milisecunde) : 120
Exit code ./tools/fileops.sh : 0
Subcomanda rulata : run
Timestamp start : 17:16:57_593
Timestamp end   : 17:16:57_713
Timpul de executie (in milisecunde) : 121
Exit code ./tools/fileops.sh : 0
Subcomanda rulata : run
Timestamp start : 17:16:57_592
Timestamp end   : 17:16:57_712
Timpul de executie (in milisecunde) : 121
Exit code ./tools/fileops.sh : 0
Subcomanda rulata : run
Timestamp start : 17:16:57_758
Timestamp end   : 17:16:57_847
Timpul de executie (in milisecunde) : 88
Exit code ./tools/fileops.sh : 0
Subcomanda rulata : run
Timestamp start : 17:16:57_759
Timestamp end   : 17:16:57_849
Timpul de executie (in milisecunde) : 91
Exit code ./tools/fileops.sh : 0
Subcomanda rulata : run
Timestamp start : 17:16:57_758
Timestamp end   : 17:16:57_862
Timpul de executie (in milisecunde) : 103
Exit code ./tools/fileops.sh : 0
Subcomanda rulata : run
Timestamp start : 17:16:57_758
Timestamp end   : 17:16:57_859
Timpul de executie (in milisecunde) : 100
Exit code ./tools/fileops.sh : 0
Subcomanda rulata : run
Timestamp start : 17:16:57_759
Timestamp end   : 17:16:57_867
Timpul de executie (in milisecunde) : 108
Exit code ./tools/fileops.sh : 0
