Subcomanda rulata : build
Timestamp start : 14:25:41_952
Timestamp end   : 14:25:42_120
Timpul de executie (in milisecunde) : 169
Exit code ./tools/fileops.sh : 3
Subcomanda rulata : run
Timestamp start : 14:25:42_177
Timestamp end   : 14:25:42_190
Timpul de executie (in milisecunde) : 12
Exit code ./tools/fileops.sh : 2
Subcomanda rulata : run
Timestamp start : 14:25:42_217
Timestamp end   : 14:25:42_230
Timpul de executie (in milisecunde) : 13
Exit code ./tools/fileops.sh : 2
Subcomanda rulata : clean
Timestamp start : 14:25:42_258
Timestamp end   : 14:25:42_276
Timpul de executie (in milisecunde) : 18
Exit code ./tools/fileops.sh : 0
Subcomanda rulata : init
Timestamp start : 14:25:42_353
Timestamp end   : 14:25:42_381
Timpul de executie (in milisecunde) : 24
Exit code ./tools/fileops.sh : 0
Subcomanda rulata : build
Timestamp start : 14:25:42_464
Timestamp end   : 14:25:42_585
Timpul de executie (in milisecunde) : 121
Exit code ./tools/fileops.sh : 0
Subcomanda rulata : test
Timestamp start : 14:25:42_320
Timestamp end   : 14:25:42_615
Timpul de executie (in milisecunde) : 293
Exit code ./tools/fileops.sh : 0
