Subcomanda rulata : run
Subcomanda rulata : run
Subcomanda rulata : run
Timestamp start : 17:48:12_741
Timestamp start : 17:48:12_741
Timestamp end   : 17:48:12_871
Timestamp start : 17:48:12_741
Timpul de executie (in milisecunde) : 129
Timestamp end   : 17:48:12_871
Timestamp end   : 17:48:12_869
Exit code ./tools/fileops.sh : 0
Timpul de executie (in milisecunde) : 129
Timpul de executie (in milisecunde) : 126
Exit code ./tools/fileops.sh : 0
Exit code ./tools/fileops.sh : 0
Subcomanda rulata : run
Timestamp start : 17:48:12_743
Timestamp end   : 17:48:12_869
Timpul de executie (in milisecunde) : 126
Exit code ./tools/fileops.sh : 0
Subcomanda rulata : run
Timestamp start : 17:48:12_741
Timestamp end   : 17:48:12_869
Timpul de executie (in milisecunde) : 129
Exit code ./tools/fileops.sh : 0
