Subcomanda rulata : run
Timestamp start : 17:10:52_402
Timestamp end   : 17:10:52_520
Timpul de executie (in milisecunde) : 116
Exit code ./tools/fileops.sh : 0
Subcomanda rulata : run
Timestamp start : 17:10:52_402
Timestamp end   : 17:10:52_520
Timpul de executie (in milisecunde) : 117
Exit code ./tools/fileops.sh : 0
Subcomanda rulata : run
Timestamp start : 17:10:52_404
Timestamp end   : 17:10:52_521
Timpul de executie (in milisecunde) : 115
Exit code ./tools/fileops.sh : 0
Subcomanda rulata : run
Timestamp start : 17:10:52_403
Timestamp end   : 17:10:52_523
Timpul de executie (in milisecunde) : 120
Exit code ./tools/fileops.sh : 0
Subcomanda rulata : run
Timestamp start : 17:10:52_402
Timestamp end   : 17:10:52_524
Timpul de executie (in milisecunde) : 123
Exit code ./tools/fileops.sh : 0
Subcomanda rulata : run
Subcomanda rulata : run
Timestamp start : 17:10:52_570
Timestamp start : 17:10:52_570
Timestamp end   : 17:10:52_583
Timestamp end   : 17:10:52_583
Timpul de executie (in milisecunde) : 13
Timpul de executie (in milisecunde) : 13
Exit code ./tools/fileops.sh : 2
Exit code ./tools/fileops.sh : 2
Subcomanda rulata : run
Timestamp start : 17:10:52_570
Timestamp end   : 17:10:52_583
Timpul de executie (in milisecunde) : 13
Exit code ./tools/fileops.sh : 2
Subcomanda rulata : run
Timestamp start : 17:10:52_572
Timestamp end   : 17:10:52_586
Timpul de executie (in milisecunde) : 14
Exit code ./tools/fileops.sh : 2
Subcomanda rulata : run
Timestamp start : 17:10:52_570
Timestamp end   : 17:10:52_584
Timpul de executie (in milisecunde) : 15
Exit code ./tools/fileops.sh : 2
