Subcomanda rulata : run
Timestamp start : 15:57:28_218
Timestamp end   : 15:57:28_339
Timpul de executie (in milisecunde) : 120
Exit code ./tools/fileops.sh : 0
Subcomanda rulata : run
Timestamp start : 15:57:28_217
Timestamp end   : 15:57:28_339
Timpul de executie (in milisecunde) : 120
Exit code ./tools/fileops.sh : 0
Subcomanda rulata : run
Timestamp start : 15:57:28_218
Timestamp end   : 15:57:28_340
Timpul de executie (in milisecunde) : 122
Exit code ./tools/fileops.sh : 0
Subcomanda rulata : run
Timestamp start : 15:57:28_217
Timestamp end   : 15:57:28_339
Timpul de executie (in milisecunde) : 121
Exit code ./tools/fileops.sh : 0
Subcomanda rulata : run
Timestamp start : 15:57:28_218
Timestamp end   : 15:57:28_350
Timpul de executie (in milisecunde) : 131
Exit code ./tools/fileops.sh : 0
