Subcomanda rulata : run
Timestamp start : 17:16:30_920
Timestamp end   : 17:16:31_020
Timpul de executie (in milisecunde) : 98
Exit code ./tools/fileops.sh : 0
Subcomanda rulata : run
Timestamp start : 17:16:30_919
Timestamp end   : 17:16:31_019
Timpul de executie (in milisecunde) : 102
Exit code ./tools/fileops.sh : 0
Subcomanda rulata : run
Timestamp start : 17:16:30_919
Timestamp end   : 17:16:31_031
Timpul de executie (in milisecunde) : 112
Exit code ./tools/fileops.sh : 0
Subcomanda rulata : run
Timestamp start : 17:16:30_919
Timestamp end   : 17:16:31_031
Timpul de executie (in milisecunde) : 112
Exit code ./tools/fileops.sh : 0
Subcomanda rulata : run
Timestamp start : 17:16:30_919
Timestamp end   : 17:16:31_037
Timpul de executie (in milisecunde) : 120
Exit code ./tools/fileops.sh : 0
Subcomanda rulata : run
Timestamp start : 17:16:31_081
Timestamp end   : 17:16:31_189
Timpul de executie (in milisecunde) : 108
Exit code ./tools/fileops.sh : 0
