Subcomanda rulata : run
Timestamp start : 16:51:50_069
Timestamp end   : 16:51:50_089
Timpul de executie (in milisecunde) : 19
Exit code ./tools/fileops.sh : 0
Subcomanda rulata : run
Timestamp start : 16:51:50_068
Timestamp end   : 16:51:50_086
Timpul de executie (in milisecunde) : 20
Exit code ./tools/fileops.sh : 0
Subcomanda rulata : run
Timestamp start : 16:51:50_069
Timestamp end   : 16:51:50_086
Timpul de executie (in milisecunde) : 20
Exit code ./tools/fileops.sh : 0
Subcomanda rulata : run
Timestamp start : 16:51:50_070
Timestamp end   : 16:51:50_090
Timpul de executie (in milisecunde) : 21
Exit code ./tools/fileops.sh : 0
