Subcomanda rulata : run
Timestamp start : 10:11:49_129
Timestamp end   : 10:11:49_435
Timpul de executie (in milisecunde) : 307
Exit code ./tools/fileops.sh : 0
Subcomanda rulata : run
Timestamp start : 10:11:49_128
Timestamp end   : 10:11:49_457
Timpul de executie (in milisecunde) : 329
Exit code ./tools/fileops.sh : 0
Subcomanda rulata : run
Timestamp start : 10:11:49_129
Timestamp end   : 10:11:49_458
Timpul de executie (in milisecunde) : 327
Exit code ./tools/fileops.sh : 0
Subcomanda rulata : run
Timestamp start : 10:11:49_129
Timestamp end   : 10:11:49_465
Timpul de executie (in milisecunde) : 336
Exit code ./tools/fileops.sh : 0
Subcomanda rulata : run
Timestamp start : 10:11:49_129
Timestamp end   : 10:11:49_478
Timpul de executie (in milisecunde) : 348
Exit code ./tools/fileops.sh : 0
