Subcomanda rulata : run
Timestamp start : 13:01:43_973
Timestamp end   : 13:01:44_058
Timpul de executie (in milisecunde) : 83
Exit code ./tools/fileops.sh : 0
Subcomanda rulata : run
Timestamp start : 13:01:43_973
Timestamp end   : 13:01:44_060
Timpul de executie (in milisecunde) : 87
Exit code ./tools/fileops.sh : 0
Subcomanda rulata : run
Timestamp start : 13:01:43_973
Timestamp end   : 13:01:44_071
Timpul de executie (in milisecunde) : 96
Exit code ./tools/fileops.sh : 0
Subcomanda rulata : run
Timestamp start : 13:01:43_973
Timestamp end   : 13:01:44_071
Timpul de executie (in milisecunde) : 98
Exit code ./tools/fileops.sh : 0
Subcomanda rulata : run
Timestamp start : 13:01:43_974
Timestamp end   : 13:01:44_076
Timpul de executie (in milisecunde) : 102
Exit code ./tools/fileops.sh : 0
