Subcomanda rulata : run
Timestamp start : 16:51:48_973
Subcomanda rulata : run
Timestamp end   : 16:51:48_993
Timpul de executie (in milisecunde) : 19
Timestamp start : 16:51:48_975
Exit code ./tools/fileops.sh : 0
Timestamp end   : 16:51:48_992
Timpul de executie (in milisecunde) : 19
Exit code ./tools/fileops.sh : 0
Subcomanda rulata : run
Subcomanda rulata : run
Timestamp start : 16:51:48_974
Timestamp start : 16:51:48_973
Timestamp end   : 16:51:48_992
Timpul de executie (in milisecunde) : 20
Timestamp end   : 16:51:48_992
Exit code ./tools/fileops.sh : 0
Timpul de executie (in milisecunde) : 21
Exit code ./tools/fileops.sh : 0
Subcomanda rulata : run
Timestamp start : 16:51:49_546
Timestamp end   : 16:51:49_567
Timpul de executie (in milisecunde) : 21
Exit code ./tools/fileops.sh : 0
Subcomanda rulata : run
Timestamp start : 16:51:49_546
Timestamp end   : 16:51:49_567
Timpul de executie (in milisecunde) : 21
Exit code ./tools/fileops.sh : 0
Subcomanda rulata : run
Timestamp start : 16:51:49_546
Timestamp end   : 16:51:49_567
Subcomanda rulata : run
Timpul de executie (in milisecunde) : 22
Exit code ./tools/fileops.sh : 0
Timestamp start : 16:51:49_546
Timestamp end   : 16:51:49_567
Timpul de executie (in milisecunde) : 21
Exit code ./tools/fileops.sh : 0
