Subcomanda rulata : run
Timestamp start : 17:26:15_093
Timestamp end   : 17:26:15_218
Timpul de executie (in milisecunde) : 125
Exit code ./tools/fileops.sh : 0
Subcomanda rulata : run
Timestamp start : 17:26:15_245
Timestamp end   : 17:26:15_308
Timpul de executie (in milisecunde) : 62
Exit code ./tools/fileops.sh : 0
Subcomanda rulata : run
Timestamp start : 17:26:15_335
Timestamp end   : 17:26:15_412
Timpul de executie (in milisecunde) : 78
Exit code ./tools/fileops.sh : 0
Subcomanda rulata : run
Timestamp start : 17:26:15_438
Timestamp end   : 17:26:15_513
Timpul de executie (in milisecunde) : 76
Exit code ./tools/fileops.sh : 0
