Subcomanda rulata : run
Timestamp start : 14:19:51_958
Timestamp end   : 14:19:52_025
Timpul de executie (in milisecunde) : 68
Exit code ./tools/fileops.sh : 0
Subcomanda rulata : run
Timestamp start : 14:19:51_958
Timestamp end   : 14:19:52_026
Timpul de executie (in milisecunde) : 68
Exit code ./tools/fileops.sh : 0
Subcomanda rulata : run
Timestamp start : 14:19:51_958
Timestamp end   : 14:19:52_033
Timpul de executie (in milisecunde) : 73
Exit code ./tools/fileops.sh : 0
Subcomanda rulata : run
Timestamp start : 14:19:51_958
Timestamp end   : 14:19:52_033
Timpul de executie (in milisecunde) : 75
Exit code ./tools/fileops.sh : 0
Subcomanda rulata : run
Timestamp start : 14:19:51_958
Timestamp end   : 14:19:52_038
Timpul de executie (in milisecunde) : 79
Exit code ./tools/fileops.sh : 0
Subcomanda rulata : run
Timestamp start : 14:19:52_066
Timestamp end   : 14:19:52_141
Timpul de executie (in milisecunde) : 75
Exit code ./tools/fileops.sh : 0
Subcomanda rulata : run
Timestamp start : 14:19:52_066
Timestamp end   : 14:19:52_141
Timpul de executie (in milisecunde) : 75
Exit code ./tools/fileops.sh : 0
Subcomanda rulata : run
Timestamp start : 14:19:52_171
Timestamp end   : 14:19:52_243
Timpul de executie (in milisecunde) : 74
Exit code ./tools/fileops.sh : 0
Subcomanda rulata : run
Timestamp start : 14:19:52_170
Timestamp end   : 14:19:52_243
Timpul de executie (in milisecunde) : 74
Exit code ./tools/fileops.sh : 0
Subcomanda rulata : run
Timestamp start : 14:19:52_274
Timestamp end   : 14:19:52_291
Timpul de executie (in milisecunde) : 17
Exit code ./tools/fileops.sh : 0
