Subcomanda rulata : run
Subcomanda rulata : run
Timestamp start : 17:47:51_495
Timestamp start : 17:47:51_494
Subcomanda rulata : run
Timestamp end   : 17:47:51_624
Timestamp end   : 17:47:51_627
Timestamp start : 17:47:51_494
Timpul de executie (in milisecunde) : 131
Timpul de executie (in milisecunde) : 131
Timestamp end   : 17:47:51_625
Exit code ./tools/fileops.sh : 0
Exit code ./tools/fileops.sh : 0
Timpul de executie (in milisecunde) : 130
Exit code ./tools/fileops.sh : 0
Subcomanda rulata : run
Timestamp start : 17:47:51_495
Timestamp end   : 17:47:51_627
Timpul de executie (in milisecunde) : 132
Exit code ./tools/fileops.sh : 0
Subcomanda rulata : run
Timestamp start : 17:47:51_494
Timestamp end   : 17:47:51_633
Timpul de executie (in milisecunde) : 138
Exit code ./tools/fileops.sh : 0
Subcomanda rulata : run
Timestamp start : 17:47:51_682
Timestamp end   : 17:47:51_779
Timpul de executie (in milisecunde) : 96
Exit code ./tools/fileops.sh : 0
Subcomanda rulata : run
Timestamp start : 17:47:51_681
Timestamp end   : 17:47:51_792
Timpul de executie (in milisecunde) : 111
Exit code ./tools/fileops.sh : 0
Subcomanda rulata : run
Timestamp start : 17:47:51_682
Timestamp end   : 17:47:51_794
Timpul de executie (in milisecunde) : 112
Exit code ./tools/fileops.sh : 0
Subcomanda rulata : run
Timestamp start : 17:47:51_681
Timestamp end   : 17:47:51_794
Timpul de executie (in milisecunde) : 114
Exit code ./tools/fileops.sh : 0
Subcomanda rulata : run
Timestamp start : 17:47:51_682
Timestamp end   : 17:47:51_803
Timpul de executie (in milisecunde) : 119
Exit code ./tools/fileops.sh : 0
Subcomanda rulata : run
Timestamp start : 17:47:51_846
Timestamp end   : 17:47:51_956
Timpul de executie (in milisecunde) : 113
Exit code ./tools/fileops.sh : 0
