Subcomanda rulata : run
Timestamp start : 14:35:23_991
Timestamp end   : 14:35:24_006
Timpul de executie (in milisecunde) : 14
Exit code ./tools/fileops.sh : 2
Subcomanda rulata : clean
Timestamp start : 14:35:24_033
Timestamp end   : 14:35:24_051
Timpul de executie (in milisecunde) : 17
Exit code ./tools/fileops.sh : 0
Subcomanda rulata : init
Timestamp start : 14:35:24_122
Timestamp end   : 14:35:24_146
Timpul de executie (in milisecunde) : 23
Exit code ./tools/fileops.sh : 0
Subcomanda rulata : build
Timestamp start : 14:35:24_219
Timestamp end   : 14:35:24_356
Timpul de executie (in milisecunde) : 135
Exit code ./tools/fileops.sh : 0
Subcomanda rulata : test
Timestamp start : 14:35:24_095
Timestamp end   : 14:35:24_388
Timpul de executie (in milisecunde) : 294
Exit code ./tools/fileops.sh : 0
