Subcomanda rulata : run
Timestamp start : 16:28:42_011
Timestamp end   : 16:28:42_154
Timpul de executie (in milisecunde) : 142
Exit code ./tools/fileops.sh : 0
Subcomanda rulata : run
Timestamp start : 16:28:42_011
Timestamp end   : 16:28:42_159
Timpul de executie (in milisecunde) : 149
Exit code ./tools/fileops.sh : 0
Subcomanda rulata : run
Timestamp start : 16:28:42_010
Timestamp end   : 16:28:42_162
Timpul de executie (in milisecunde) : 150
Exit code ./tools/fileops.sh : 0
Subcomanda rulata : run
Timestamp start : 16:28:42_011
Timestamp end   : 16:28:42_161
Timpul de executie (in milisecunde) : 151
Exit code ./tools/fileops.sh : 0
Subcomanda rulata : run
Timestamp start : 16:28:42_011
Timestamp end   : 16:28:42_169
Timpul de executie (in milisecunde) : 158
Exit code ./tools/fileops.sh : 0
