Subcomanda rulata : run
Subcomanda rulata : run
Timestamp start : 16:51:47_620
Timestamp start : 16:51:47_620
Timestamp end   : 16:51:47_637
Timestamp end   : 16:51:47_638
Subcomanda rulata : run
Timpul de executie (in milisecunde) : 17
Timpul de executie (in milisecunde) : 17
Exit code ./tools/fileops.sh : 0
Exit code ./tools/fileops.sh : 0
Timestamp start : 16:51:47_621
Timestamp end   : 16:51:47_639
Timpul de executie (in milisecunde) : 17
Exit code ./tools/fileops.sh : 0
Subcomanda rulata : run
Timestamp start : 16:51:47_620
Timestamp end   : 16:51:47_638
Timpul de executie (in milisecunde) : 18
Exit code ./tools/fileops.sh : 0
