Subcomanda rulata : run
Timestamp start : 13:34:51_303
Timestamp end   : 13:34:51_386
Timpul de executie (in milisecunde) : 84
Exit code ./tools/fileops.sh : 0
Subcomanda rulata : run
Timestamp start : 13:34:51_416
Timestamp end   : 13:34:51_438
Timpul de executie (in milisecunde) : 21
Exit code ./tools/fileops.sh : 0
Subcomanda rulata : init
Timestamp start : 13:34:51_469
Timestamp end   : 13:34:51_488
Timpul de executie (in milisecunde) : 19
Exit code ./tools/fileops.sh : 0
Subcomanda rulata : run
Timestamp start : 13:34:51_515
Timestamp end   : 13:34:51_901
Timpul de executie (in milisecunde) : 386
Exit code ./tools/fileops.sh : 0
Subcomanda rulata : run
Timestamp start : 13:34:51_930
Timestamp end   : 13:34:51_950
Timpul de executie (in milisecunde) : 20
Exit code ./tools/fileops.sh : 0
