Subcomanda rulata : run
Timestamp start : 13:34:45_230
Timestamp end   : 13:34:45_338
Timpul de executie (in milisecunde) : 106
Exit code ./tools/fileops.sh : 0
Subcomanda rulata : run
Timestamp start : 13:34:45_230
Timestamp end   : 13:34:45_344
Timpul de executie (in milisecunde) : 115
Exit code ./tools/fileops.sh : 0
Subcomanda rulata : run
Subcomanda rulata : run
Timestamp start : 13:34:45_229
Timestamp end   : 13:34:45_355
Timestamp start : 13:34:45_229
Timpul de executie (in milisecunde) : 125
Timestamp end   : 13:34:45_355
Exit code ./tools/fileops.sh : 0
Subcomanda rulata : run
Timpul de executie (in milisecunde) : 125
Exit code ./tools/fileops.sh : 0
Timestamp start : 13:34:45_229
Timestamp end   : 13:34:45_355
Timpul de executie (in milisecunde) : 126
Exit code ./tools/fileops.sh : 0
