Subcomanda rulata : run
Timestamp start : 15:40:33_996
Timestamp end   : 15:40:34_120
Timpul de executie (in milisecunde) : 125
Exit code ./tools/fileops.sh : 0
Subcomanda rulata : run
Timestamp start : 15:40:33_996
Timestamp end   : 15:40:34_120
Timpul de executie (in milisecunde) : 126
Subcomanda rulata : run
Exit code ./tools/fileops.sh : 0
Timestamp start : 15:40:33_997
Timestamp end   : 15:40:34_119
Timpul de executie (in milisecunde) : 122
Exit code ./tools/fileops.sh : 0
Subcomanda rulata : run
Timestamp start : 15:40:33_997
Timestamp end   : 15:40:34_121
Timpul de executie (in milisecunde) : 125
Exit code ./tools/fileops.sh : 0
Subcomanda rulata : run
Timestamp start : 15:40:33_996
Timestamp end   : 15:40:34_128
Timpul de executie (in milisecunde) : 134
Exit code ./tools/fileops.sh : 0
