Subcomanda rulata : run
Timestamp start : 17:28:12_461
Timestamp end   : 17:28:12_591
Timpul de executie (in milisecunde) : 130
Exit code ./tools/fileops.sh : 0
Subcomanda rulata : run
Timestamp start : 17:28:12_460
Timestamp end   : 17:28:12_593
Timpul de executie (in milisecunde) : 132
Exit code ./tools/fileops.sh : 0
Subcomanda rulata : run
Timestamp start : 17:28:12_460
Timestamp end   : 17:28:12_594
Timpul de executie (in milisecunde) : 134
Exit code ./tools/fileops.sh : 0
Subcomanda rulata : run
Timestamp start : 17:28:12_462
Timestamp end   : 17:28:12_596
Timpul de executie (in milisecunde) : 133
Exit code ./tools/fileops.sh : 0
Subcomanda rulata : run
Timestamp start : 17:28:12_460
Timestamp end   : 17:28:12_595
Timpul de executie (in milisecunde) : 135
Exit code ./tools/fileops.sh : 0
Subcomanda rulata : run
Timestamp start : 17:28:12_644
Timestamp end   : 17:28:12_742
Timpul de executie (in milisecunde) : 99
Exit code ./tools/fileops.sh : 0
Subcomanda rulata : run
Timestamp start : 17:28:12_644
Timestamp end   : 17:28:12_753
Timpul de executie (in milisecunde) : 108
Exit code ./tools/fileops.sh : 0
Subcomanda rulata : run
Subcomanda rulata : run
Timestamp start : 17:28:12_644
Timestamp start : 17:28:12_644
Timestamp end   : 17:28:12_759
Timpul de executie (in milisecunde) : 115
Timestamp end   : 17:28:12_759
Exit code ./tools/fileops.sh : 0
Timpul de executie (in milisecunde) : 115
Exit code ./tools/fileops.sh : 0
Subcomanda rulata : run
Timestamp start : 17:28:12_644
Timestamp end   : 17:28:12_770
Timpul de executie (in milisecunde) : 127
Exit code ./tools/fileops.sh : 0
Subcomanda rulata : run
Timestamp start : 17:28:12_810
Timestamp end   : 17:28:12_914
Timpul de executie (in milisecunde) : 106
Exit code ./tools/fileops.sh : 0
