Subcomanda rulata : run
Timestamp start : 12:58:49_729
Timestamp end   : 12:58:49_824
Timpul de executie (in milisecunde) : 95
Exit code ./tools/fileops.sh : 0
Subcomanda rulata : run
Timestamp start : 12:58:49_729
Timestamp end   : 12:58:49_837
Timpul de executie (in milisecunde) : 108
Exit code ./tools/fileops.sh : 0
Subcomanda rulata : run
Timestamp start : 12:58:49_728
Timestamp end   : 12:58:49_841
Timpul de executie (in milisecunde) : 113
Exit code ./tools/fileops.sh : 0
Subcomanda rulata : run
Timestamp start : 12:58:49_728
Timestamp end   : 12:58:49_841
Timpul de executie (in milisecunde) : 113
Exit code ./tools/fileops.sh : 0
Subcomanda rulata : run
Timestamp start : 12:58:49_728
Timestamp end   : 12:58:49_843
Timpul de executie (in milisecunde) : 115
Exit code ./tools/fileops.sh : 0
