Subcomanda rulata : run
Subcomanda rulata : run
Timestamp start : 18:05:19_921
Timestamp end   : 18:05:20_050
Timestamp start : 18:05:19_922
Timpul de executie (in milisecunde) : 128
Timestamp end   : 18:05:20_050
Exit code ./tools/fileops.sh : 0
Timpul de executie (in milisecunde) : 128
Exit code ./tools/fileops.sh : 0
Subcomanda rulata : run
Timestamp start : 18:05:19_922
Timestamp end   : 18:05:20_050
Timpul de executie (in milisecunde) : 127
Exit code ./tools/fileops.sh : 0
Subcomanda rulata : run
Timestamp start : 18:05:19_921
Timestamp end   : 18:05:20_051
Timpul de executie (in milisecunde) : 129
Exit code ./tools/fileops.sh : 0
Subcomanda rulata : run
Timestamp start : 18:05:19_921
Timestamp end   : 18:05:20_054
Timpul de executie (in milisecunde) : 134
Exit code ./tools/fileops.sh : 0
Subcomanda rulata : run
Subcomanda rulata : run
Timestamp start : 18:05:20_101
Timestamp end   : 18:05:20_214
Timestamp start : 18:05:20_102
Timpul de executie (in milisecunde) : 112
Timestamp end   : 18:05:20_213
Exit code ./tools/fileops.sh : 0
Timpul de executie (in milisecunde) : 112
Exit code ./tools/fileops.sh : 0
Subcomanda rulata : run
Timestamp start : 18:05:20_102
Subcomanda rulata : run
Timestamp end   : 18:05:20_214
Timestamp start : 18:05:20_101
Timpul de executie (in milisecunde) : 111
Timestamp end   : 18:05:20_213
Timpul de executie (in milisecunde) : 112
Exit code ./tools/fileops.sh : 0
Exit code ./tools/fileops.sh : 0
Subcomanda rulata : run
Timestamp start : 18:05:20_101
Timestamp end   : 18:05:20_213
Timpul de executie (in milisecunde) : 113
Exit code ./tools/fileops.sh : 0
Subcomanda rulata : run
Timestamp start : 18:05:20_255
Timestamp end   : 18:05:20_353
Timpul de executie (in milisecunde) : 99
Exit code ./tools/fileops.sh : 0
