Subcomanda rulata : run
Timestamp start : 17:49:10_725
Timestamp end   : 17:49:10_857
Timpul de executie (in milisecunde) : 131
Exit code ./tools/fileops.sh : 0
Subcomanda rulata : run
Timestamp start : 17:49:10_725
Timestamp end   : 17:49:10_858
Timpul de executie (in milisecunde) : 132
Exit code ./tools/fileops.sh : 0
Subcomanda rulata : run
Timestamp start : 17:49:10_725
Timestamp end   : 17:49:10_858
Timpul de executie (in milisecunde) : 131
Exit code ./tools/fileops.sh : 0
Subcomanda rulata : run
Timestamp start : 17:49:10_725
Timestamp end   : 17:49:10_861
Timpul de executie (in milisecunde) : 136
Exit code ./tools/fileops.sh : 0
Subcomanda rulata : run
Timestamp start : 17:49:10_725
Timestamp end   : 17:49:10_863
Timpul de executie (in milisecunde) : 137
Exit code ./tools/fileops.sh : 0
