Subcomanda rulata : run
Subcomanda rulata : run
Timestamp start : 17:57:05_638
Timestamp end   : 17:57:05_769
Timpul de executie (in milisecunde) : 131
Timestamp start : 17:57:05_638
Exit code ./tools/fileops.sh : 0
Timestamp end   : 17:57:05_769
Timpul de executie (in milisecunde) : 130
Exit code ./tools/fileops.sh : 0
Subcomanda rulata : run
Timestamp start : 17:57:05_639
Timestamp end   : 17:57:05_769
Timpul de executie (in milisecunde) : 131
Exit code ./tools/fileops.sh : 0
Subcomanda rulata : run
Timestamp start : 17:57:05_638
Timestamp end   : 17:57:05_773
Timpul de executie (in milisecunde) : 134
Exit code ./tools/fileops.sh : 0
Subcomanda rulata : run
Timestamp start : 17:57:05_638
Timestamp end   : 17:57:05_778
Timpul de executie (in milisecunde) : 140
Exit code ./tools/fileops.sh : 0
Subcomanda rulata : run
Subcomanda rulata : run
Timestamp start : 17:57:05_824
Timestamp start : 17:57:05_824
Timestamp end   : 17:57:05_932
Timestamp end   : 17:57:05_932
Timpul de executie (in milisecunde) : 107
Timpul de executie (in milisecunde) : 107
Exit code ./tools/fileops.sh : 0
Exit code ./tools/fileops.sh : 0
Subcomanda rulata : run
Timestamp start : 17:57:05_824
Timestamp end   : 17:57:05_932
Timpul de executie (in milisecunde) : 107
Exit code ./tools/fileops.sh : 0
Subcomanda rulata : run
Timestamp start : 17:57:05_825
Timestamp end   : 17:57:05_958
Timpul de executie (in milisecunde) : 134
Exit code ./tools/fileops.sh : 0
Subcomanda rulata : run
Timestamp start : 17:57:05_824
Timestamp end   : 17:57:05_962
Timpul de executie (in milisecunde) : 139
Exit code ./tools/fileops.sh : 0
