Subcomanda rulata : run
Timestamp start : 07:44:41_673
Timestamp end   : 07:44:41_749
Timpul de executie (in milisecunde) : 76
Exit code ./tools/fileops.sh : 0
Subcomanda rulata : run
Timestamp start : 07:44:41_672
Timestamp end   : 07:44:41_748
Timpul de executie (in milisecunde) : 77
Exit code ./tools/fileops.sh : 0
Subcomanda rulata : run
Timestamp start : 07:44:41_672
Timestamp end   : 07:44:41_755
Timpul de executie (in milisecunde) : 81
Exit code ./tools/fileops.sh : 0
Subcomanda rulata : run
Timestamp start : 07:44:41_672
Timestamp end   : 07:44:41_759
Timpul de executie (in milisecunde) : 88
Exit code ./tools/fileops.sh : 0
Subcomanda rulata : run
Timestamp start : 07:44:41_672
Timestamp end   : 07:44:41_765
Timpul de executie (in milisecunde) : 93
Exit code ./tools/fileops.sh : 0
