Subcomanda rulata : run
Timestamp start : 13:02:23_220
Timestamp end   : 13:02:23_566
Timpul de executie (in milisecunde) : 347
Exit code ./tools/fileops.sh : 0
Subcomanda rulata : run
Timestamp start : 13:02:23_220
Timestamp end   : 13:02:23_584
Timpul de executie (in milisecunde) : 365
Exit code ./tools/fileops.sh : 0
Subcomanda rulata : run
Timestamp start : 13:02:23_220
Timestamp end   : 13:02:23_589
Timpul de executie (in milisecunde) : 371
Exit code ./tools/fileops.sh : 0
Subcomanda rulata : run
Timestamp start : 13:02:23_220
Timestamp end   : 13:02:23_591
Timpul de executie (in milisecunde) : 371
Exit code ./tools/fileops.sh : 0
Subcomanda rulata : run
Timestamp start : 13:02:23_220
Timestamp end   : 13:02:23_613
Timpul de executie (in milisecunde) : 392
Exit code ./tools/fileops.sh : 0
