Subcomanda rulata : run
Timestamp start : 16:36:24_752
Timestamp end   : 16:36:24_887
Timpul de executie (in milisecunde) : 136
Exit code ./tools/fileops.sh : 0
Subcomanda rulata : run
Timestamp start : 16:36:24_752
Timestamp end   : 16:36:24_887
Timpul de executie (in milisecunde) : 136
Exit code ./tools/fileops.sh : 0
Subcomanda rulata : run
Timestamp start : 16:36:24_752
Timestamp end   : 16:36:24_888
Timpul de executie (in milisecunde) : 137
Exit code ./tools/fileops.sh : 0
Subcomanda rulata : run
Timestamp start : 16:36:24_753
Timestamp end   : 16:36:24_889
Timpul de executie (in milisecunde) : 135
Exit code ./tools/fileops.sh : 0
Subcomanda rulata : run
Timestamp start : 16:36:24_753
Timestamp end   : 16:36:24_899
Timpul de executie (in milisecunde) : 146
Exit code ./tools/fileops.sh : 0
