Subcomanda rulata : run
Timestamp start : 07:44:19_157
Timestamp end   : 07:44:19_292
Timpul de executie (in milisecunde) : 136
Exit code ./tools/fileops.sh : 0
Subcomanda rulata : run
Timestamp start : 07:44:19_157
Timestamp end   : 07:44:19_292
Timpul de executie (in milisecunde) : 135
Exit code ./tools/fileops.sh : 0
Subcomanda rulata : run
Timestamp start : 07:44:19_157
Timestamp end   : 07:44:19_293
Timpul de executie (in milisecunde) : 139
Exit code ./tools/fileops.sh : 0
Subcomanda rulata : run
Timestamp start : 07:44:19_157
Timestamp end   : 07:44:19_293
Timpul de executie (in milisecunde) : 138
Exit code ./tools/fileops.sh : 0
Subcomanda rulata : run
Timestamp start : 07:44:19_157
Timestamp end   : 07:44:19_299
Timpul de executie (in milisecunde) : 143
Exit code ./tools/fileops.sh : 0
Subcomanda rulata : run
Timestamp start : 07:44:19_356
Timestamp end   : 07:44:19_464
Timpul de executie (in milisecunde) : 106
Exit code ./tools/fileops.sh : 0
Subcomanda rulata : run
Timestamp start : 07:44:19_356
Timestamp end   : 07:44:19_464
Timpul de executie (in milisecunde) : 105
Exit code ./tools/fileops.sh : 0
Subcomanda rulata : run
Timestamp start : 07:44:19_356
Timestamp end   : 07:44:19_467
Timpul de executie (in milisecunde) : 110
Exit code ./tools/fileops.sh : 0
Subcomanda rulata : run
Timestamp start : 07:44:19_356
Timestamp end   : 07:44:19_468
Timpul de executie (in milisecunde) : 112
Exit code ./tools/fileops.sh : 0
Subcomanda rulata : run
Timestamp start : 07:44:19_357
Timestamp end   : 07:44:19_473
Timpul de executie (in milisecunde) : 113
Exit code ./tools/fileops.sh : 0
Subcomanda rulata : run
Timestamp start : 07:44:19_522
Timestamp end   : 07:44:19_653
Timpul de executie (in milisecunde) : 132
Exit code ./tools/fileops.sh : 0
