Subcomanda rulata : run
Subcomanda rulata : run
Subcomanda rulata : run
Timestamp start : 10:00:58_257
Timestamp start : 10:00:58_257
Timestamp start : 10:00:58_257
Timestamp end   : 10:00:58_874
Timestamp end   : 10:00:58_874
Timpul de executie (in milisecunde) : 618
Timestamp end   : 10:00:58_874
Timpul de executie (in milisecunde) : 617
Exit code ./tools/fileops.sh : 0
Exit code ./tools/fileops.sh : 0
Timpul de executie (in milisecunde) : 618
Exit code ./tools/fileops.sh : 0
Subcomanda rulata : run
Timestamp start : 10:00:58_257
Timestamp end   : 10:00:58_874
Timpul de executie (in milisecunde) : 617
Exit code ./tools/fileops.sh : 0
Subcomanda rulata : run
Timestamp start : 10:00:58_257
Timestamp end   : 10:00:58_874
Timpul de executie (in milisecunde) : 617
Exit code ./tools/fileops.sh : 0
