Subcomanda rulata : run
Timestamp start : 16:14:15_283
Timestamp end   : 16:14:15_422
Timpul de executie (in milisecunde) : 136
Exit code ./tools/fileops.sh : 0
Subcomanda rulata : run
Timestamp start : 16:14:15_288
Timestamp end   : 16:14:15_424
Timpul de executie (in milisecunde) : 135
Exit code ./tools/fileops.sh : 0
Subcomanda rulata : run
Timestamp start : 16:14:15_293
Timestamp end   : 16:14:15_423
Timpul de executie (in milisecunde) : 132
Exit code ./tools/fileops.sh : 0
Subcomanda rulata : run
Timestamp start : 16:14:15_299
Timestamp end   : 16:14:15_422
Timpul de executie (in milisecunde) : 122
Exit code ./tools/fileops.sh : 0
Subcomanda rulata : run
Timestamp start : 16:14:15_306
Timestamp end   : 16:14:15_430
Timpul de executie (in milisecunde) : 124
Exit code ./tools/fileops.sh : 0
