Subcomanda rulata : run
Timestamp start : 07:46:25_767
Timestamp end   : 07:46:25_903
Timpul de executie (in milisecunde) : 135
Exit code ./tools/fileops.sh : 0
Subcomanda rulata : run
Timestamp start : 07:46:25_767
Timestamp end   : 07:46:25_903
Timpul de executie (in milisecunde) : 133
Exit code ./tools/fileops.sh : 0
Subcomanda rulata : run
Timestamp start : 07:46:25_766
Timestamp end   : 07:46:25_904
Timpul de executie (in milisecunde) : 137
Exit code ./tools/fileops.sh : 0
Subcomanda rulata : run
Timestamp start : 07:46:25_767
Timestamp end   : 07:46:25_917
Timpul de executie (in milisecunde) : 147
Exit code ./tools/fileops.sh : 0
Subcomanda rulata : run
Timestamp start : 07:46:25_767
Timestamp end   : 07:46:25_916
Timpul de executie (in milisecunde) : 149
Exit code ./tools/fileops.sh : 0
