Subcomanda rulata : run
Timestamp start : 17:28:20_126
Timestamp end   : 17:28:20_244
Timpul de executie (in milisecunde) : 119
Exit code ./tools/fileops.sh : 0
Subcomanda rulata : run
Subcomanda rulata : run
Timestamp start : 17:28:20_126
Timestamp start : 17:28:20_125
Timestamp end   : 17:28:20_248
Timpul de executie (in milisecunde) : 121
Timestamp end   : 17:28:20_246
Exit code ./tools/fileops.sh : 0
Timpul de executie (in milisecunde) : 121
Exit code ./tools/fileops.sh : 0
Subcomanda rulata : run
Timestamp start : 17:28:20_125
Timestamp end   : 17:28:20_246
Timpul de executie (in milisecunde) : 122
Exit code ./tools/fileops.sh : 0
Subcomanda rulata : run
Timestamp start : 17:28:20_125
Timestamp end   : 17:28:20_248
Timpul de executie (in milisecunde) : 124
Exit code ./tools/fileops.sh : 0
Subcomanda rulata : run
Timestamp start : 17:28:20_296
Timestamp end   : 17:28:20_392
Timpul de executie (in milisecunde) : 95
Exit code ./tools/fileops.sh : 0
Subcomanda rulata : run
Timestamp start : 17:28:20_296
Timestamp end   : 17:28:20_395
Timpul de executie (in milisecunde) : 100
Exit code ./tools/fileops.sh : 0
Subcomanda rulata : run
Timestamp start : 17:28:20_295
Timestamp end   : 17:28:20_408
Timpul de executie (in milisecunde) : 114
Exit code ./tools/fileops.sh : 0
Subcomanda rulata : run
Timestamp start : 17:28:20_295
Timestamp end   : 17:28:20_408
Timpul de executie (in milisecunde) : 114
Exit code ./tools/fileops.sh : 0
Subcomanda rulata : run
Timestamp start : 17:28:20_295
Timestamp end   : 17:28:20_410
Timpul de executie (in milisecunde) : 116
Exit code ./tools/fileops.sh : 0
Subcomanda rulata : run
Timestamp start : 17:28:20_448
Timestamp end   : 17:28:20_543
Timpul de executie (in milisecunde) : 95
Exit code ./tools/fileops.sh : 0
