Subcomanda rulata : run
Timestamp start : 17:29:02_853
Timestamp end   : 17:29:02_976
Timpul de executie (in milisecunde) : 123
Exit code ./tools/fileops.sh : 0
Subcomanda rulata : run
Subcomanda rulata : run
Timestamp start : 17:29:02_855
Timestamp start : 17:29:02_853
Timestamp end   : 17:29:02_978
Timestamp end   : 17:29:02_977
Timpul de executie (in milisecunde) : 123
Timpul de executie (in milisecunde) : 124
Exit code ./tools/fileops.sh : 0
Exit code ./tools/fileops.sh : 0
Subcomanda rulata : run
Timestamp start : 17:29:02_853
Timestamp end   : 17:29:02_978
Timpul de executie (in milisecunde) : 124
Exit code ./tools/fileops.sh : 0
Subcomanda rulata : run
Timestamp start : 17:29:02_853
Timestamp end   : 17:29:02_978
Timpul de executie (in milisecunde) : 125
Exit code ./tools/fileops.sh : 0
