Subcomanda rulata : run
Subcomanda rulata : run
Timestamp start : 17:16:30_747
Timestamp start : 17:16:30_748
Timestamp end   : 17:16:30_870
Timestamp end   : 17:16:30_869
Timpul de executie (in milisecunde) : 121
Timpul de executie (in milisecunde) : 121
Exit code ./tools/fileops.sh : 0
Exit code ./tools/fileops.sh : 0
Subcomanda rulata : run
Timestamp start : 17:16:30_747
Timestamp end   : 17:16:30_870
Timpul de executie (in milisecunde) : 123
Exit code ./tools/fileops.sh : 0
Subcomanda rulata : run
Timestamp start : 17:16:30_746
Timestamp end   : 17:16:30_873
Timpul de executie (in milisecunde) : 126
Subcomanda rulata : run
Exit code ./tools/fileops.sh : 0
Timestamp start : 17:16:30_747
Timestamp end   : 17:16:30_870
Timpul de executie (in milisecunde) : 122
Exit code ./tools/fileops.sh : 0
