Subcomanda rulata : run
Timestamp start : 17:20:06_883
Timestamp end   : 17:20:07_002
Timpul de executie (in milisecunde) : 117
Exit code ./tools/fileops.sh : 0
Subcomanda rulata : run
Timestamp start : 17:20:06_883
Timestamp end   : 17:20:07_002
Timpul de executie (in milisecunde) : 119
Exit code ./tools/fileops.sh : 0
Subcomanda rulata : run
Timestamp start : 17:20:06_883
Timestamp end   : 17:20:07_008
Timpul de executie (in milisecunde) : 125
Exit code ./tools/fileops.sh : 0
Subcomanda rulata : run
Timestamp start : 17:20:06_882
Timestamp end   : 17:20:07_008
Timpul de executie (in milisecunde) : 125
Exit code ./tools/fileops.sh : 0
Subcomanda rulata : run
Timestamp start : 17:20:06_882
Timestamp end   : 17:20:07_010
Timpul de executie (in milisecunde) : 129
Exit code ./tools/fileops.sh : 0
Subcomanda rulata : run
Timestamp start : 17:20:07_057
Timestamp end   : 17:20:07_156
Timpul de executie (in milisecunde) : 99
Exit code ./tools/fileops.sh : 0
Subcomanda rulata : run
Timestamp start : 17:20:07_057
Timestamp end   : 17:20:07_156
Timpul de executie (in milisecunde) : 100
Exit code ./tools/fileops.sh : 0
Subcomanda rulata : run
Timestamp start : 17:20:07_057
Timestamp end   : 17:20:07_159
Timpul de executie (in milisecunde) : 103
Exit code ./tools/fileops.sh : 0
Subcomanda rulata : run
Timestamp start : 17:20:07_057
Timestamp end   : 17:20:07_161
Timpul de executie (in milisecunde) : 106
Exit code ./tools/fileops.sh : 0
Subcomanda rulata : run
Timestamp start : 17:20:07_057
Timestamp end   : 17:20:07_165
Timpul de executie (in milisecunde) : 109
Exit code ./tools/fileops.sh : 0
Subcomanda rulata : run
Timestamp start : 17:20:07_205
Timestamp end   : 17:20:07_305
Timpul de executie (in milisecunde) : 101
Exit code ./tools/fileops.sh : 0
