Subcomanda rulata : run
Timestamp start : 16:16:45_516
Timestamp end   : 16:16:45_635
Timpul de executie (in milisecunde) : 118
Exit code ./tools/fileops.sh : 0
Subcomanda rulata : run
Timestamp start : 16:16:45_504
Timestamp end   : 16:16:45_633
Timpul de executie (in milisecunde) : 129
Exit code ./tools/fileops.sh : 0
Subcomanda rulata : run
Timestamp start : 16:16:45_519
Timestamp end   : 16:16:45_636
Timpul de executie (in milisecunde) : 116
Exit code ./tools/fileops.sh : 0
Subcomanda rulata : run
Timestamp start : 16:16:45_524
Timestamp end   : 16:16:45_641
Timpul de executie (in milisecunde) : 117
Exit code ./tools/fileops.sh : 0
Subcomanda rulata : run
Timestamp start : 16:16:45_510
Timestamp end   : 16:16:45_647
Timpul de executie (in milisecunde) : 136
Exit code ./tools/fileops.sh : 0
