Subcomanda rulata : run
Timestamp start : 07:46:26_966
Timestamp end   : 07:46:27_049
Timpul de executie (in milisecunde) : 83
Exit code ./tools/fileops.sh : 0
Subcomanda rulata : run
Timestamp start : 07:46:26_968
Timestamp end   : 07:46:27_052
Timpul de executie (in milisecunde) : 83
Exit code ./tools/fileops.sh : 0
Subcomanda rulata : run
Timestamp start : 07:46:26_968
Timestamp end   : 07:46:27_062
Timpul de executie (in milisecunde) : 94
Exit code ./tools/fileops.sh : 0
Subcomanda rulata : run
Timestamp start : 07:46:26_967
Timestamp end   : 07:46:27_062
Timpul de executie (in milisecunde) : 96
Exit code ./tools/fileops.sh : 0
Subcomanda rulata : run
Timestamp start : 07:46:26_966
Timestamp end   : 07:46:27_067
Timpul de executie (in milisecunde) : 102
Exit code ./tools/fileops.sh : 0
