Subcomanda rulata : run
Timestamp start : 13:34:43_753
Timestamp end   : 13:34:44_129
Timpul de executie (in milisecunde) : 376
Subcomanda rulata : run
Exit code ./tools/fileops.sh : 0
Timestamp start : 13:34:43_753
Timestamp end   : 13:34:44_130
Timpul de executie (in milisecunde) : 376
Exit code ./tools/fileops.sh : 0
Subcomanda rulata : run
Timestamp start : 13:34:43_755
Timestamp end   : 13:34:44_129
Timpul de executie (in milisecunde) : 374
Exit code ./tools/fileops.sh : 0
Subcomanda rulata : run
Timestamp start : 13:34:43_753
Timestamp end   : 13:34:44_161
Timpul de executie (in milisecunde) : 408
Exit code ./tools/fileops.sh : 0
Subcomanda rulata : run
Timestamp start : 13:34:43_753
Timestamp end   : 13:34:44_168
Timpul de executie (in milisecunde) : 416
Exit code ./tools/fileops.sh : 0
