Subcomanda rulata : run
Subcomanda rulata : run
Timestamp start : 17:47:58_519
Timestamp end   : 17:47:58_647
Timpul de executie (in milisecunde) : 128
Timestamp start : 17:47:58_519
Exit code ./tools/fileops.sh : 0
Timestamp end   : 17:47:58_647
Timpul de executie (in milisecunde) : 127
Exit code ./tools/fileops.sh : 0
Subcomanda rulata : run
Timestamp start : 17:47:58_518
Timestamp end   : 17:47:58_653
Timpul de executie (in milisecunde) : 135
Exit code ./tools/fileops.sh : 0
Subcomanda rulata : run
Timestamp start : 17:47:58_518
Timestamp end   : 17:47:58_654
Timpul de executie (in milisecunde) : 138
Exit code ./tools/fileops.sh : 0
Subcomanda rulata : run
Timestamp start : 17:47:58_518
Timestamp end   : 17:47:58_659
Timpul de executie (in milisecunde) : 142
Exit code ./tools/fileops.sh : 0
Subcomanda rulata : run
Timestamp start : 17:47:58_707
Timestamp end   : 17:47:58_811
Timpul de executie (in milisecunde) : 101
Exit code ./tools/fileops.sh : 0
Subcomanda rulata : run
Timestamp start : 17:47:58_707
Timestamp end   : 17:47:58_810
Timpul de executie (in milisecunde) : 102
Exit code ./tools/fileops.sh : 0
Subcomanda rulata : run
Timestamp start : 17:47:58_708
Timestamp end   : 17:47:58_810
Subcomanda rulata : run
Timestamp start : 17:47:58_707
Timpul de executie (in milisecunde) : 102
Timestamp end   : 17:47:58_810
Exit code ./tools/fileops.sh : 0
Timpul de executie (in milisecunde) : 103
Exit code ./tools/fileops.sh : 0
Subcomanda rulata : run
Timestamp start : 17:47:58_707
Timestamp end   : 17:47:58_819
Timpul de executie (in milisecunde) : 110
Exit code ./tools/fileops.sh : 0
Subcomanda rulata : run
Timestamp start : 17:47:58_856
Timestamp end   : 17:47:58_954
Timpul de executie (in milisecunde) : 99
Exit code ./tools/fileops.sh : 0
