Subcomanda rulata : run
Timestamp start : 17:56:54_203
Timestamp end   : 17:56:54_330
Timpul de executie (in milisecunde) : 126
Exit code ./tools/fileops.sh : 0
Subcomanda rulata : run
Timestamp start : 17:56:54_203
Timestamp end   : 17:56:54_331
Timpul de executie (in milisecunde) : 126
Exit code ./tools/fileops.sh : 0
Subcomanda rulata : run
Timestamp start : 17:56:54_202
Timestamp end   : 17:56:54_336
Timpul de executie (in milisecunde) : 134
Exit code ./tools/fileops.sh : 0
Subcomanda rulata : run
Timestamp start : 17:56:54_202
Timestamp end   : 17:56:54_334
Timpul de executie (in milisecunde) : 133
Exit code ./tools/fileops.sh : 0
Subcomanda rulata : run
Timestamp start : 17:56:54_202
Timestamp end   : 17:56:54_341
Timpul de executie (in milisecunde) : 140
Exit code ./tools/fileops.sh : 0
Subcomanda rulata : run
Subcomanda rulata : run
Timestamp start : 17:56:54_387
Timestamp start : 17:56:54_386
Timestamp end   : 17:56:54_491
Timestamp end   : 17:56:54_493
Timpul de executie (in milisecunde) : 103
Timpul de executie (in milisecunde) : 107
Exit code ./tools/fileops.sh : 0
Exit code ./tools/fileops.sh : 0
Subcomanda rulata : run
Timestamp start : 17:56:54_386
Timestamp end   : 17:56:54_507
Timpul de executie (in milisecunde) : 121
Exit code ./tools/fileops.sh : 0
Subcomanda rulata : run
Timestamp start : 17:56:54_387
Timestamp end   : 17:56:54_508
Timpul de executie (in milisecunde) : 121
Exit code ./tools/fileops.sh : 0
Subcomanda rulata : run
Timestamp start : 17:56:54_387
Timestamp end   : 17:56:54_512
Timpul de executie (in milisecunde) : 126
Exit code ./tools/fileops.sh : 0
Subcomanda rulata : run
Timestamp start : 17:56:54_551
Timestamp end   : 17:56:54_655
Timpul de executie (in milisecunde) : 105
Exit code ./tools/fileops.sh : 0
