Subcomanda rulata : run
Subcomanda rulata : run
Timestamp start : 16:17:42_903
Timestamp start : 16:17:42_896
Timestamp end   : 16:17:43_014
Timestamp end   : 16:17:43_014
Timpul de executie (in milisecunde) : 108
Timpul de executie (in milisecunde) : 116
Exit code ./tools/fileops.sh : 0
Exit code ./tools/fileops.sh : 0
Subcomanda rulata : run
Timestamp start : 16:17:42_887
Timestamp end   : 16:17:43_014
Timpul de executie (in milisecunde) : 125
Exit code ./tools/fileops.sh : 0
Subcomanda rulata : run
Timestamp start : 16:17:42_893
Timestamp end   : 16:17:43_015
Timpul de executie (in milisecunde) : 120
Exit code ./tools/fileops.sh : 0
Subcomanda rulata : run
Timestamp start : 16:17:42_882
Timestamp end   : 16:17:43_025
Timpul de executie (in milisecunde) : 143
Exit code ./tools/fileops.sh : 0
