Subcomanda rulata : init
Timestamp start : 14:21:48_264
Timestamp end   : 14:21:48_285
Timpul de executie (in milisecunde) : 22
Exit code ./tools/fileops.sh : 0
Subcomanda rulata : build
Timestamp start : 14:21:48_314
Timestamp end   : 14:21:48_464
Timpul de executie (in milisecunde) : 150
Exit code ./tools/fileops.sh : 3
Subcomanda rulata : run
Timestamp start : 14:21:48_515
Timestamp end   : 14:21:48_530
Timpul de executie (in milisecunde) : 15
Exit code ./tools/fileops.sh : 2
Subcomanda rulata : run
Timestamp start : 14:21:48_566
Timestamp end   : 14:21:48_581
Timpul de executie (in milisecunde) : 17
Exit code ./tools/fileops.sh : 2
Subcomanda rulata : clean
Timestamp start : 14:21:48_614
Timestamp end   : 14:21:48_637
Timpul de executie (in milisecunde) : 20
Exit code ./tools/fileops.sh : 0
Subcomanda rulata : init
Timestamp start : 14:21:48_717
Timestamp end   : 14:21:48_739
Timpul de executie (in milisecunde) : 21
Exit code ./tools/fileops.sh : 0
Subcomanda rulata : build
Timestamp start : 14:21:48_808
Timestamp end   : 14:21:48_946
Timpul de executie (in milisecunde) : 139
Exit code ./tools/fileops.sh : 0
Subcomanda rulata : test
Timestamp start : 14:21:48_687
Timestamp end   : 14:21:48_978
Timpul de executie (in milisecunde) : 293
Exit code ./tools/fileops.sh : 0
