Subcomanda rulata : run
Subcomanda rulata : run
Timestamp start : 13:18:27_288
Timestamp start : 13:18:27_288
Timestamp end   : 13:18:27_524
Timestamp end   : 13:18:27_524
Timpul de executie (in milisecunde) : 235
Timpul de executie (in milisecunde) : 234
Exit code ./tools/fileops.sh : 0
Exit code ./tools/fileops.sh : 0
Subcomanda rulata : run
Timestamp start : 13:18:27_288
Timestamp end   : 13:18:27_524
Timpul de executie (in milisecunde) : 235
Exit code ./tools/fileops.sh : 0
Subcomanda rulata : run
Timestamp start : 13:18:27_288
Timestamp end   : 13:18:27_524
Timpul de executie (in milisecunde) : 235
Exit code ./tools/fileops.sh : 0
Subcomanda rulata : run
Timestamp start : 13:18:27_288
Timestamp end   : 13:18:27_528
Timpul de executie (in milisecunde) : 242
Exit code ./tools/fileops.sh : 0
