Subcomanda rulata : run
Timestamp start : 13:18:28_586
Timestamp end   : 13:18:28_695
Timpul de executie (in milisecunde) : 107
Exit code ./tools/fileops.sh : 0
Subcomanda rulata : run
Timestamp start : 13:18:28_586
Timestamp end   : 13:18:28_704
Timpul de executie (in milisecunde) : 116
Exit code ./tools/fileops.sh : 0
Subcomanda rulata : run
Timestamp start : 13:18:28_586
Timestamp end   : 13:18:28_704
Timpul de executie (in milisecunde) : 117
Exit code ./tools/fileops.sh : 0
Subcomanda rulata : run
Timestamp start : 13:18:28_586
Timestamp end   : 13:18:28_705
Timpul de executie (in milisecunde) : 119
Exit code ./tools/fileops.sh : 0
Subcomanda rulata : run
Timestamp start : 13:18:28_586
Timestamp end   : 13:18:28_713
Timpul de executie (in milisecunde) : 127
Exit code ./tools/fileops.sh : 0
