Subcomanda rulata : run
Timestamp start : 17:18:15_968
Timestamp end   : 17:18:16_090
Timpul de executie (in milisecunde) : 120
Exit code ./tools/fileops.sh : 0
Subcomanda rulata : run
Timestamp start : 17:18:15_967
Subcomanda rulata : run
Timestamp end   : 17:18:16_090
Timpul de executie (in milisecunde) : 122
Timestamp start : 17:18:15_967
Exit code ./tools/fileops.sh : 0
Subcomanda rulata : run
Timestamp end   : 17:18:16_091
Timpul de executie (in milisecunde) : 123
Exit code ./tools/fileops.sh : 0
Timestamp start : 17:18:15_967
Timestamp end   : 17:18:16_091
Timpul de executie (in milisecunde) : 122
Exit code ./tools/fileops.sh : 0
Subcomanda rulata : run
Timestamp start : 17:18:15_968
Timestamp end   : 17:18:16_103
Timpul de executie (in milisecunde) : 132
Exit code ./tools/fileops.sh : 0
Subcomanda rulata : run
Timestamp start : 17:18:16_149
Timestamp end   : 17:18:16_251
Timpul de executie (in milisecunde) : 101
Exit code ./tools/fileops.sh : 0
Subcomanda rulata : run
Timestamp start : 17:18:16_148
Timestamp end   : 17:18:16_252
Timpul de executie (in milisecunde) : 104
Exit code ./tools/fileops.sh : 0
Subcomanda rulata : run
Timestamp start : 17:18:16_148
Timestamp end   : 17:18:16_255
Timpul de executie (in milisecunde) : 107
Exit code ./tools/fileops.sh : 0
Subcomanda rulata : run
Timestamp start : 17:18:16_148
Timestamp end   : 17:18:16_256
Timpul de executie (in milisecunde) : 109
Exit code ./tools/fileops.sh : 0
Subcomanda rulata : run
Timestamp start : 17:18:16_148
Timestamp end   : 17:18:16_268
Timpul de executie (in milisecunde) : 120
Exit code ./tools/fileops.sh : 0
Subcomanda rulata : run
Timestamp start : 17:18:16_310
Timestamp end   : 17:18:16_427
Timpul de executie (in milisecunde) : 120
Exit code ./tools/fileops.sh : 0
