Subcomanda rulata : run
Timestamp start : 18:13:59_197
Timestamp end   : 18:13:59_213
Timpul de executie (in milisecunde) : 16
Exit code ./tools/fileops.sh : 1
Subcomanda rulata : run
Timestamp start : 18:13:59_197
Timestamp end   : 18:13:59_212
Timpul de executie (in milisecunde) : 16
Exit code ./tools/fileops.sh : 1
Subcomanda rulata : run
Timestamp start : 18:13:59_199
Timestamp end   : 18:13:59_293
Timpul de executie (in milisecunde) : 93
Exit code ./tools/fileops.sh : 0
Subcomanda rulata : run
Timestamp start : 18:13:59_198
Timestamp end   : 18:13:59_292
Timpul de executie (in milisecunde) : 94
Exit code ./tools/fileops.sh : 0
Subcomanda rulata : run
Timestamp start : 18:13:59_197
Timestamp end   : 18:13:59_291
Timpul de executie (in milisecunde) : 96
Exit code ./tools/fileops.sh : 0
Subcomanda rulata : run
Timestamp start : 18:13:59_198
Timestamp end   : 18:13:59_299
Timpul de executie (in milisecunde) : 102
Exit code ./tools/fileops.sh : 0
