Subcomanda rulata : run
Timestamp start : 13:02:24_679
Timestamp end   : 13:02:24_772
Timpul de executie (in milisecunde) : 92
Exit code ./tools/fileops.sh : 0
Subcomanda rulata : run
Timestamp start : 13:02:24_681
Timestamp end   : 13:02:24_778
Timpul de executie (in milisecunde) : 98
Exit code ./tools/fileops.sh : 0
Subcomanda rulata : run
Timestamp start : 13:02:24_681
Timestamp end   : 13:02:24_778
Timpul de executie (in milisecunde) : 97
Exit code ./tools/fileops.sh : 0
Subcomanda rulata : run
Timestamp start : 13:02:24_679
Timestamp end   : 13:02:24_789
Timpul de executie (in milisecunde) : 109
Exit code ./tools/fileops.sh : 0
Subcomanda rulata : run
Timestamp start : 13:02:24_680
Timestamp end   : 13:02:24_791
Timpul de executie (in milisecunde) : 111
Exit code ./tools/fileops.sh : 0
