Subcomanda rulata : run
Subcomanda rulata : run
Timestamp start : 14:07:41_998
Timestamp end   : 14:07:42_042
Timestamp start : 14:07:41_999
Timpul de executie (in milisecunde) : 44
Exit code ./tools/fileops.sh : 1
Timestamp end   : 14:07:42_042
Timpul de executie (in milisecunde) : 44
Exit code ./tools/fileops.sh : 1
Subcomanda rulata : run
Timestamp start : 14:07:41_998
Timestamp end   : 14:07:42_042
Timpul de executie (in milisecunde) : 44
Exit code ./tools/fileops.sh : 1
Subcomanda rulata : run
Timestamp start : 14:07:41_998
Subcomanda rulata : run
Timestamp end   : 14:07:42_043
Timpul de executie (in milisecunde) : 44
Exit code ./tools/fileops.sh : 1
Timestamp start : 14:07:41_999
Timestamp end   : 14:07:42_042
Timpul de executie (in milisecunde) : 45
Exit code ./tools/fileops.sh : 1
