Subcomanda rulata : run
Timestamp start : 16:37:26_722
Timestamp end   : 16:37:26_856
Timpul de executie (in milisecunde) : 133
Exit code ./tools/fileops.sh : 0
Subcomanda rulata : run
Timestamp start : 16:37:26_722
Timestamp end   : 16:37:26_856
Timpul de executie (in milisecunde) : 134
Exit code ./tools/fileops.sh : 0
Subcomanda rulata : run
Timestamp start : 16:37:26_724
Timestamp end   : 16:37:26_859
Timpul de executie (in milisecunde) : 134
Exit code ./tools/fileops.sh : 0
Subcomanda rulata : run
Timestamp start : 16:37:26_723
Timestamp end   : 16:37:26_856
Timpul de executie (in milisecunde) : 133
Exit code ./tools/fileops.sh : 0
Subcomanda rulata : run
Timestamp start : 16:37:26_722
Timestamp end   : 16:37:26_859
Timpul de executie (in milisecunde) : 139
Exit code ./tools/fileops.sh : 0
