Subcomanda rulata : run
Timestamp start : 17:13:44_912
Subcomanda rulata : run
Timestamp end   : 17:13:45_037
Timpul de executie (in milisecunde) : 125
Timestamp start : 17:13:44_912
Exit code ./tools/fileops.sh : 0
Timestamp end   : 17:13:45_036
Timpul de executie (in milisecunde) : 122
Exit code ./tools/fileops.sh : 0
Subcomanda rulata : run
Timestamp start : 17:13:44_912
Timestamp end   : 17:13:45_038
Timpul de executie (in milisecunde) : 125
Exit code ./tools/fileops.sh : 0
Subcomanda rulata : run
Timestamp start : 17:13:44_912
Timestamp end   : 17:13:45_038
Timpul de executie (in milisecunde) : 126
Exit code ./tools/fileops.sh : 0
Subcomanda rulata : run
Timestamp start : 17:13:44_912
Timestamp end   : 17:13:45_040
Timpul de executie (in milisecunde) : 127
Exit code ./tools/fileops.sh : 0
Subcomanda rulata : run
Subcomanda rulata : run
Timestamp start : 17:13:45_086
Subcomanda rulata : run
Timestamp end   : 17:13:45_193
Timestamp start : 17:13:45_086
Timpul de executie (in milisecunde) : 107
Timestamp end   : 17:13:45_193
Exit code ./tools/fileops.sh : 0
Timestamp start : 17:13:45_086
Timpul de executie (in milisecunde) : 107
Exit code ./tools/fileops.sh : 0
Timestamp end   : 17:13:45_193
Timpul de executie (in milisecunde) : 108
Exit code ./tools/fileops.sh : 0
Subcomanda rulata : run
Timestamp start : 17:13:45_086
Timestamp end   : 17:13:45_200
Timpul de executie (in milisecunde) : 114
Exit code ./tools/fileops.sh : 0
Subcomanda rulata : run
Timestamp start : 17:13:45_086
Timestamp end   : 17:13:45_203
Timpul de executie (in milisecunde) : 117
Exit code ./tools/fileops.sh : 0
Subcomanda rulata : run
Timestamp start : 17:13:45_245
Timestamp end   : 17:13:45_340
Timpul de executie (in milisecunde) : 97
Exit code ./tools/fileops.sh : 0
