Subcomanda rulata : run
Subcomanda rulata : run
Timestamp start : 16:03:18_489
Timestamp end   : 16:03:18_616
Timestamp start : 16:03:18_489
Timpul de executie (in milisecunde) : 127
Timestamp end   : 16:03:18_616
Exit code ./tools/fileops.sh : 0
Timpul de executie (in milisecunde) : 127
Exit code ./tools/fileops.sh : 0
Subcomanda rulata : run
Timestamp start : 16:03:18_489
Timestamp end   : 16:03:18_616
Timpul de executie (in milisecunde) : 127
Exit code ./tools/fileops.sh : 0
Subcomanda rulata : run
Timestamp start : 16:03:18_489
Timestamp end   : 16:03:18_616
Timpul de executie (in milisecunde) : 126
Exit code ./tools/fileops.sh : 0
Subcomanda rulata : run
Timestamp start : 16:03:18_489
Timestamp end   : 16:03:18_619
Timpul de executie (in milisecunde) : 130
Exit code ./tools/fileops.sh : 0
