Subcomanda rulata : run
Timestamp start : 17:50:08_212
Timestamp end   : 17:50:08_337
Timpul de executie (in milisecunde) : 123
Exit code ./tools/fileops.sh : 0
Subcomanda rulata : run
Timestamp start : 17:50:08_212
Timestamp end   : 17:50:08_337
Timpul de executie (in milisecunde) : 123
Exit code ./tools/fileops.sh : 0
Subcomanda rulata : run
Timestamp start : 17:50:08_212
Timestamp end   : 17:50:08_337
Timpul de executie (in milisecunde) : 125
Exit code ./tools/fileops.sh : 0
Subcomanda rulata : run
Timestamp start : 17:50:08_212
Timestamp end   : 17:50:08_340
Timpul de executie (in milisecunde) : 129
Exit code ./tools/fileops.sh : 0
Subcomanda rulata : run
Timestamp start : 17:50:08_212
Timestamp end   : 17:50:08_345
Timpul de executie (in milisecunde) : 133
Exit code ./tools/fileops.sh : 0
Subcomanda rulata : run
Timestamp start : 17:50:08_390
Timestamp end   : 17:50:08_489
Timpul de executie (in milisecunde) : 101
Exit code ./tools/fileops.sh : 0
Subcomanda rulata : run
Timestamp start : 17:50:08_390
Timestamp end   : 17:50:08_501
Timpul de executie (in milisecunde) : 111
Exit code ./tools/fileops.sh : 0
Subcomanda rulata : run
Timestamp start : 17:50:08_390
Timestamp end   : 17:50:08_501
Timpul de executie (in milisecunde) : 111
Exit code ./tools/fileops.sh : 0
Subcomanda rulata : run
Timestamp start : 17:50:08_390
Timestamp end   : 17:50:08_500
Timpul de executie (in milisecunde) : 112
Exit code ./tools/fileops.sh : 0
Subcomanda rulata : run
Timestamp start : 17:50:08_390
Timestamp end   : 17:50:08_507
Timpul de executie (in milisecunde) : 118
Exit code ./tools/fileops.sh : 0
Subcomanda rulata : run
Timestamp start : 17:50:08_546
Timestamp end   : 17:50:08_640
Timpul de executie (in milisecunde) : 95
Exit code ./tools/fileops.sh : 0
