Subcomanda rulata : run
Timestamp start : 10:18:05_161
Timestamp end   : 10:18:05_259
Timpul de executie (in milisecunde) : 97
Exit code ./tools/fileops.sh : 0
Subcomanda rulata : run
Timestamp start : 10:18:05_161
Timestamp end   : 10:18:05_267
Timpul de executie (in milisecunde) : 104
Exit code ./tools/fileops.sh : 0
Subcomanda rulata : run
Timestamp start : 10:18:05_161
Timestamp end   : 10:18:05_267
Timpul de executie (in milisecunde) : 106
Exit code ./tools/fileops.sh : 0
Subcomanda rulata : run
Timestamp start : 10:18:05_162
Timestamp end   : 10:18:05_288
Timpul de executie (in milisecunde) : 126
Exit code ./tools/fileops.sh : 0
Subcomanda rulata : run
Timestamp start : 10:18:05_162
Timestamp end   : 10:18:05_288
Timpul de executie (in milisecunde) : 126
Exit code ./tools/fileops.sh : 0
