Subcomanda rulata : run
Timestamp start : 17:06:40_690
Timestamp end   : 17:06:41_398
Timpul de executie (in milisecunde) : 705
Exit code ./tools/fileops.sh : 0
Subcomanda rulata : run
Timestamp start : 17:06:40_690
Timestamp end   : 17:06:41_427
Timpul de executie (in milisecunde) : 735
Exit code ./tools/fileops.sh : 0
Subcomanda rulata : run
Timestamp start : 17:06:40_691
Timestamp end   : 17:06:41_453
Timpul de executie (in milisecunde) : 759
Exit code ./tools/fileops.sh : 0
Subcomanda rulata : run
Timestamp start : 17:06:40_690
Timestamp end   : 17:06:41_465
Timpul de executie (in milisecunde) : 772
Exit code ./tools/fileops.sh : 0
Subcomanda rulata : run
Timestamp start : 17:06:40_690
Timestamp end   : 17:06:41_473
Timpul de executie (in milisecunde) : 780
Exit code ./tools/fileops.sh : 0
Subcomanda rulata : run
Timestamp start : 17:06:40_693
Timestamp end   : 17:06:41_473
Timpul de executie (in milisecunde) : 777
Exit code ./tools/fileops.sh : 0
