Subcomanda rulata : run
Timestamp start : 16:03:19_684
Timestamp end   : 16:03:19_799
Timpul de executie (in milisecunde) : 113
Subcomanda rulata : run
Exit code ./tools/fileops.sh : 0
Timestamp start : 16:03:19_684
Timestamp end   : 16:03:19_800
Timpul de executie (in milisecunde) : 114
Exit code ./tools/fileops.sh : 0
Subcomanda rulata : run
Timestamp start : 16:03:19_684
Timestamp end   : 16:03:19_800
Timpul de executie (in milisecunde) : 115
Exit code ./tools/fileops.sh : 0
Subcomanda rulata : run
Timestamp start : 16:03:19_685
Timestamp end   : 16:03:19_800
Timpul de executie (in milisecunde) : 114
Exit code ./tools/fileops.sh : 0
Subcomanda rulata : run
Timestamp start : 16:03:19_685
Timestamp end   : 16:03:19_800
Timpul de executie (in milisecunde) : 114
Exit code ./tools/fileops.sh : 0
