Subcomanda rulata : run
Timestamp start : 16:51:48_318
Timestamp end   : 16:51:48_335
Timpul de executie (in milisecunde) : 17
Exit code ./tools/fileops.sh : 0
Subcomanda rulata : run
Timestamp start : 16:51:48_316
Timestamp end   : 16:51:48_334
Timpul de executie (in milisecunde) : 18
Exit code ./tools/fileops.sh : 0
Subcomanda rulata : run
Timestamp start : 16:51:48_317
Timestamp end   : 16:51:48_334
Timpul de executie (in milisecunde) : 18
Exit code ./tools/fileops.sh : 0
Subcomanda rulata : run
Timestamp start : 16:51:48_318
Timestamp end   : 16:51:48_335
Timpul de executie (in milisecunde) : 16
Exit code ./tools/fileops.sh : 0
