Subcomanda rulata : run
Timestamp start : 12:58:20_191
Timestamp end   : 12:58:20_762
Timpul de executie (in milisecunde) : 570
Exit code ./tools/fileops.sh : 0
Subcomanda rulata : run
Timestamp start : 12:58:20_191
Timestamp end   : 12:58:20_763
Timpul de executie (in milisecunde) : 572
Exit code ./tools/fileops.sh : 0
Subcomanda rulata : run
Timestamp start : 12:58:20_191
Timestamp end   : 12:58:20_762
Timpul de executie (in milisecunde) : 570
Exit code ./tools/fileops.sh : 0
Subcomanda rulata : run
Timestamp start : 12:58:20_192
Timestamp end   : 12:58:20_763
Timpul de executie (in milisecunde) : 571
Exit code ./tools/fileops.sh : 0
Subcomanda rulata : run
Timestamp start : 12:58:20_191
Timestamp end   : 12:58:20_762
Timpul de executie (in milisecunde) : 571
Exit code ./tools/fileops.sh : 0
