Subcomanda rulata : run
Timestamp start : 18:03:51_155
Timestamp end   : 18:03:51_286
Timpul de executie (in milisecunde) : 131
Exit code ./tools/fileops.sh : 0
Subcomanda rulata : run
Timestamp start : 18:03:51_155
Timestamp end   : 18:03:51_287
Timpul de executie (in milisecunde) : 132
Exit code ./tools/fileops.sh : 0
Subcomanda rulata : run
Timestamp start : 18:03:51_154
Timestamp end   : 18:03:51_288
Timpul de executie (in milisecunde) : 134
Exit code ./tools/fileops.sh : 0
Subcomanda rulata : run
Timestamp start : 18:03:51_154
Subcomanda rulata : run
Timestamp end   : 18:03:51_292
Timpul de executie (in milisecunde) : 138
Timestamp start : 18:03:51_154
Exit code ./tools/fileops.sh : 0
Timestamp end   : 18:03:51_291
Timpul de executie (in milisecunde) : 137
Exit code ./tools/fileops.sh : 0
Subcomanda rulata : run
Timestamp start : 18:03:51_338
Timestamp end   : 18:03:51_444
Timpul de executie (in milisecunde) : 105
Exit code ./tools/fileops.sh : 0
Subcomanda rulata : run
Timestamp start : 18:03:51_338
Timestamp end   : 18:03:51_444
Timpul de executie (in milisecunde) : 107
Exit code ./tools/fileops.sh : 0
Subcomanda rulata : run
Timestamp start : 18:03:51_338
Timestamp end   : 18:03:51_455
Timpul de executie (in milisecunde) : 117
Exit code ./tools/fileops.sh : 0
Subcomanda rulata : run
Timestamp start : 18:03:51_338
Timestamp end   : 18:03:51_455
Timpul de executie (in milisecunde) : 118
Exit code ./tools/fileops.sh : 0
Subcomanda rulata : run
Timestamp start : 18:03:51_338
Timestamp end   : 18:03:51_464
Timpul de executie (in milisecunde) : 125
Exit code ./tools/fileops.sh : 0
Subcomanda rulata : run
Timestamp start : 18:03:51_502
Timestamp end   : 18:03:51_604
Timpul de executie (in milisecunde) : 103
Exit code ./tools/fileops.sh : 0
