Subcomanda rulata : init
Timestamp start : 14:18:15_034
Timestamp end   : 14:18:15_056
Timpul de executie (in milisecunde) : 21
Exit code ./tools/fileops.sh : 0
Subcomanda rulata : build
Timestamp start : 14:18:15_084
Timestamp end   : 14:18:15_241
Timpul de executie (in milisecunde) : 156
Exit code ./tools/fileops.sh : 3
Subcomanda rulata : run
Timestamp start : 14:18:15_291
Timestamp end   : 14:18:15_304
Timpul de executie (in milisecunde) : 14
Exit code ./tools/fileops.sh : 2
Subcomanda rulata : run
Timestamp start : 14:18:15_333
Timestamp end   : 14:18:15_347
Timpul de executie (in milisecunde) : 14
Exit code ./tools/fileops.sh : 2
Subcomanda rulata : clean
Timestamp start : 14:18:15_375
Timestamp end   : 14:18:15_392
Timpul de executie (in milisecunde) : 17
Exit code ./tools/fileops.sh : 0
Subcomanda rulata : init
Timestamp start : 14:18:15_465
Timestamp end   : 14:18:15_487
Timpul de executie (in milisecunde) : 21
Exit code ./tools/fileops.sh : 0
Subcomanda rulata : build
Timestamp start : 14:18:15_560
Timestamp end   : 14:18:15_682
Timpul de executie (in milisecunde) : 122
Exit code ./tools/fileops.sh : 0
Subcomanda rulata : test
Timestamp start : 14:18:15_436
Timestamp end   : 14:18:15_711
Timpul de executie (in milisecunde) : 276
Exit code ./tools/fileops.sh : 0
