Subcomanda rulata : run
Timestamp start : 07:40:43_660
Timestamp end   : 07:40:43_787
Timpul de executie (in milisecunde) : 127
Exit code ./tools/fileops.sh : 0
Subcomanda rulata : run
Timestamp start : 07:40:43_660
Timestamp end   : 07:40:43_787
Timpul de executie (in milisecunde) : 126
Exit code ./tools/fileops.sh : 0
Subcomanda rulata : run
Subcomanda rulata : run
Timestamp start : 07:40:43_660
Timestamp end   : 07:40:43_788
Timestamp start : 07:40:43_660
Timpul de executie (in milisecunde) : 128
Timestamp end   : 07:40:43_791
Exit code ./tools/fileops.sh : 0
Timpul de executie (in milisecunde) : 132
Exit code ./tools/fileops.sh : 0
Subcomanda rulata : run
Timestamp start : 07:40:43_660
Timestamp end   : 07:40:43_793
Timpul de executie (in milisecunde) : 132
Exit code ./tools/fileops.sh : 0
Subcomanda rulata : run
Timestamp start : 07:40:43_840
Timestamp end   : 07:40:43_923
Timpul de executie (in milisecunde) : 85
Exit code ./tools/fileops.sh : 0
Subcomanda rulata : run
Timestamp start : 07:40:43_839
Timestamp end   : 07:40:43_928
Timpul de executie (in milisecunde) : 90
Exit code ./tools/fileops.sh : 0
Subcomanda rulata : run
Timestamp start : 07:40:43_839
Timestamp end   : 07:40:43_939
Timpul de executie (in milisecunde) : 99
Exit code ./tools/fileops.sh : 0
Subcomanda rulata : run
Timestamp start : 07:40:43_839
Timestamp end   : 07:40:43_939
Timpul de executie (in milisecunde) : 100
Exit code ./tools/fileops.sh : 0
Subcomanda rulata : run
Timestamp start : 07:40:43_841
Timestamp end   : 07:40:43_940
Timpul de executie (in milisecunde) : 101
Exit code ./tools/fileops.sh : 0
