Subcomanda rulata : run
Timestamp start : 17:12:31_717
Timestamp end   : 17:12:31_834
Timpul de executie (in milisecunde) : 117
Exit code ./tools/fileops.sh : 0
Subcomanda rulata : run
Timestamp start : 17:12:31_717
Timestamp end   : 17:12:31_834
Timpul de executie (in milisecunde) : 117
Exit code ./tools/fileops.sh : 0
Subcomanda rulata : run
Timestamp start : 17:12:31_717
Timestamp end   : 17:12:31_835
Timpul de executie (in milisecunde) : 118
Exit code ./tools/fileops.sh : 0
Subcomanda rulata : run
Timestamp start : 17:12:31_717
Timestamp end   : 17:12:31_839
Timpul de executie (in milisecunde) : 122
Exit code ./tools/fileops.sh : 0
Subcomanda rulata : run
Timestamp start : 17:12:31_717
Timestamp end   : 17:12:31_841
Timpul de executie (in milisecunde) : 125
Exit code ./tools/fileops.sh : 0
Subcomanda rulata : run
Timestamp start : 17:12:31_886
Timestamp end   : 17:12:31_900
Timpul de executie (in milisecunde) : 14
Exit code ./tools/fileops.sh : 2
Subcomanda rulata : run
Timestamp start : 17:12:31_886
Timestamp end   : 17:12:31_899
Timpul de executie (in milisecunde) : 14
Exit code ./tools/fileops.sh : 2
Subcomanda rulata : run
Timestamp start : 17:12:31_886
Timestamp end   : 17:12:31_899
Timpul de executie (in milisecunde) : 14
Exit code ./tools/fileops.sh : 2
Subcomanda rulata : run
Timestamp start : 17:12:31_886
Timestamp end   : 17:12:31_902
Timpul de executie (in milisecunde) : 15
Exit code ./tools/fileops.sh : 2
Subcomanda rulata : run
Timestamp start : 17:12:31_887
Timestamp end   : 17:12:31_900
Timpul de executie (in milisecunde) : 16
Exit code ./tools/fileops.sh : 2
