Subcomanda rulata : run
Timestamp start : 18:20:35_868
Timestamp end   : 18:20:37_115
Timpul de executie (in milisecunde) : 1247
Exit code ./tools/fileops.sh : 0
Subcomanda rulata : run
Timestamp start : 18:20:35_868
Timestamp end   : 18:20:37_166
Timpul de executie (in milisecunde) : 1298
Exit code ./tools/fileops.sh : 0
Subcomanda rulata : run
Timestamp start : 18:20:35_868
Timestamp end   : 18:20:37_168
Timpul de executie (in milisecunde) : 1299
Exit code ./tools/fileops.sh : 0
Subcomanda rulata : run
Timestamp start : 18:20:35_868
Timestamp end   : 18:20:37_168
Timpul de executie (in milisecunde) : 1301
Exit code ./tools/fileops.sh : 0
