Subcomanda rulata : run
Subcomanda rulata : run
Subcomanda rulata : run
Timestamp start : 17:12:54_097
Timestamp start : 17:12:54_097
Timestamp start : 17:12:54_097
Timestamp end   : 17:12:54_228
Timpul de executie (in milisecunde) : 129
Timestamp end   : 17:12:54_227
Timestamp end   : 17:12:54_228
Exit code ./tools/fileops.sh : 0
Timpul de executie (in milisecunde) : 127
Timpul de executie (in milisecunde) : 130
Exit code ./tools/fileops.sh : 0
Exit code ./tools/fileops.sh : 0
Subcomanda rulata : run
Timestamp start : 17:12:54_097
Timestamp end   : 17:12:54_229
Timpul de executie (in milisecunde) : 132
Exit code ./tools/fileops.sh : 0
Subcomanda rulata : run
Timestamp start : 17:12:54_098
Timestamp end   : 17:12:54_227
Timpul de executie (in milisecunde) : 128
Exit code ./tools/fileops.sh : 0
Subcomanda rulata : run
Timestamp start : 17:12:54_275
Timestamp end   : 17:12:54_392
Timpul de executie (in milisecunde) : 116
Exit code ./tools/fileops.sh : 0
Subcomanda rulata : run
Timestamp start : 17:12:54_275
Timestamp end   : 17:12:54_397
Timpul de executie (in milisecunde) : 122
Exit code ./tools/fileops.sh : 0
Subcomanda rulata : run
Timestamp start : 17:12:54_275
Timestamp end   : 17:12:54_402
Timpul de executie (in milisecunde) : 127
Exit code ./tools/fileops.sh : 0
Subcomanda rulata : run
Timestamp start : 17:12:54_277
Timestamp end   : 17:12:54_426
Timpul de executie (in milisecunde) : 149
Exit code ./tools/fileops.sh : 0
Subcomanda rulata : run
Timestamp start : 17:12:54_277
Timestamp end   : 17:12:54_426
Timpul de executie (in milisecunde) : 151
Exit code ./tools/fileops.sh : 0
Subcomanda rulata : run
Timestamp start : 17:12:54_472
Timestamp end   : 17:12:54_584
Timpul de executie (in milisecunde) : 111
Exit code ./tools/fileops.sh : 0
Subcomanda rulata : run
Timestamp start : 17:12:54_622
Timestamp end   : 17:12:54_732
Timpul de executie (in milisecunde) : 111
Exit code ./tools/fileops.sh : 0
Subcomanda rulata : run
Timestamp start : 17:12:54_758
Timestamp end   : 17:12:54_773
Timpul de executie (in milisecunde) : 14
Exit code ./tools/fileops.sh : 0
