Subcomanda rulata : run
Subcomanda rulata : run
Timestamp start : 17:34:50_163
Subcomanda rulata : run
Timestamp end   : 17:34:50_199
Timpul de executie (in milisecunde) : 35
Timestamp start : 17:34:50_163
Exit code ./tools/fileops.sh : 0
Timestamp start : 17:34:50_163
Timestamp end   : 17:34:50_198
Timestamp end   : 17:34:50_198
Timpul de executie (in milisecunde) : 35
Timpul de executie (in milisecunde) : 34
Exit code ./tools/fileops.sh : 0
Exit code ./tools/fileops.sh : 0
Subcomanda rulata : run
Timestamp start : 17:34:50_163
Timestamp end   : 17:34:50_198
Timpul de executie (in milisecunde) : 35
Exit code ./tools/fileops.sh : 0
Subcomanda rulata : run
Timestamp start : 17:34:50_163
Timestamp end   : 17:34:50_198
Timpul de executie (in milisecunde) : 35
Exit code ./tools/fileops.sh : 0
