Subcomanda rulata : run
Subcomanda rulata : run
Timestamp start : 17:26:13_587
Timestamp start : 17:26:13_587
Subcomanda rulata : run
Timestamp end   : 17:26:13_718
Timestamp end   : 17:26:13_718
Timpul de executie (in milisecunde) : 131
Timpul de executie (in milisecunde) : 132
Timestamp start : 17:26:13_587
Exit code ./tools/fileops.sh : 0
Exit code ./tools/fileops.sh : 0
Timestamp end   : 17:26:13_719
Timpul de executie (in milisecunde) : 132
Exit code ./tools/fileops.sh : 0
Subcomanda rulata : run
Timestamp start : 17:26:13_587
Timestamp end   : 17:26:13_718
Timpul de executie (in milisecunde) : 132
Exit code ./tools/fileops.sh : 0
Subcomanda rulata : run
Timestamp start : 17:26:13_587
Timestamp end   : 17:26:13_727
Timpul de executie (in milisecunde) : 139
Exit code ./tools/fileops.sh : 0
Subcomanda rulata : run
Timestamp start : 17:26:13_774
Timestamp end   : 17:26:13_870
Timpul de executie (in milisecunde) : 94
Exit code ./tools/fileops.sh : 0
Subcomanda rulata : run
Timestamp start : 17:26:13_774
Timestamp end   : 17:26:13_876
Timpul de executie (in milisecunde) : 101
Exit code ./tools/fileops.sh : 0
Subcomanda rulata : run
Timestamp start : 17:26:13_775
Timestamp end   : 17:26:13_877
Timpul de executie (in milisecunde) : 99
Exit code ./tools/fileops.sh : 0
Subcomanda rulata : run
Timestamp start : 17:26:13_774
Timestamp end   : 17:26:13_880
Timpul de executie (in milisecunde) : 106
Exit code ./tools/fileops.sh : 0
Subcomanda rulata : run
Timestamp start : 17:26:13_774
Timestamp end   : 17:26:13_894
Timpul de executie (in milisecunde) : 120
Exit code ./tools/fileops.sh : 0
