Subcomanda rulata : run
Timestamp start : 17:20:16_912
Timestamp end   : 17:20:17_025
Timpul de executie (in milisecunde) : 114
Exit code ./tools/fileops.sh : 0
Subcomanda rulata : run
Timestamp start : 17:20:16_913
Timestamp end   : 17:20:17_025
Timpul de executie (in milisecunde) : 111
Exit code ./tools/fileops.sh : 0
Subcomanda rulata : run
Timestamp start : 17:20:16_913
Timestamp end   : 17:20:17_026
Timpul de executie (in milisecunde) : 114
Exit code ./tools/fileops.sh : 0
Subcomanda rulata : run
Timestamp start : 17:20:16_912
Timestamp end   : 17:20:17_027
Timpul de executie (in milisecunde) : 117
Exit code ./tools/fileops.sh : 0
Subcomanda rulata : run
Timestamp start : 17:20:16_913
Timestamp end   : 17:20:17_032
Timpul de executie (in milisecunde) : 118
Exit code ./tools/fileops.sh : 0
Subcomanda rulata : run
Timestamp start : 17:20:17_074
Timestamp end   : 17:20:17_185
Timpul de executie (in milisecunde) : 111
Exit code ./tools/fileops.sh : 0
