Subcomanda rulata : run
Timestamp start : 17:28:21_582
Timestamp end   : 17:28:21_683
Timpul de executie (in milisecunde) : 102
Exit code ./tools/fileops.sh : 0
Subcomanda rulata : run
Timestamp start : 17:28:21_709
Timestamp end   : 17:28:21_776
Timpul de executie (in milisecunde) : 66
Exit code ./tools/fileops.sh : 0
Subcomanda rulata : run
Timestamp start : 17:28:21_803
Timestamp end   : 17:28:21_878
Timpul de executie (in milisecunde) : 76
Exit code ./tools/fileops.sh : 0
Subcomanda rulata : run
Timestamp start : 17:28:21_905
Timestamp end   : 17:28:21_982
Timpul de executie (in milisecunde) : 78
Exit code ./tools/fileops.sh : 0
