Subcomanda rulata : run
Timestamp start : 17:50:25_435
Timestamp end   : 17:50:25_564
Timpul de executie (in milisecunde) : 127
Exit code ./tools/fileops.sh : 0
Subcomanda rulata : run
Timestamp start : 17:50:25_435
Timestamp end   : 17:50:25_564
Timpul de executie (in milisecunde) : 128
Exit code ./tools/fileops.sh : 0
Subcomanda rulata : run
Timestamp start : 17:50:25_435
Timestamp end   : 17:50:25_564
Timpul de executie (in milisecunde) : 128
Exit code ./tools/fileops.sh : 0
Subcomanda rulata : run
Timestamp start : 17:50:25_435
Timestamp end   : 17:50:25_564
Timpul de executie (in milisecunde) : 129
Exit code ./tools/fileops.sh : 0
Subcomanda rulata : run
Timestamp start : 17:50:25_435
Timestamp end   : 17:50:25_567
Timpul de executie (in milisecunde) : 133
Exit code ./tools/fileops.sh : 0
Subcomanda rulata : run
Timestamp start : 17:50:25_613
Timestamp end   : 17:50:25_714
Timpul de executie (in milisecunde) : 100
Exit code ./tools/fileops.sh : 0
Subcomanda rulata : run
Timestamp start : 17:50:25_613
Timestamp end   : 17:50:25_720
Timpul de executie (in milisecunde) : 106
Exit code ./tools/fileops.sh : 0
Subcomanda rulata : run
Timestamp start : 17:50:25_614
Timestamp end   : 17:50:25_730
Timpul de executie (in milisecunde) : 114
Exit code ./tools/fileops.sh : 0
Subcomanda rulata : run
Timestamp start : 17:50:25_613
Timestamp end   : 17:50:25_729
Timpul de executie (in milisecunde) : 116
Exit code ./tools/fileops.sh : 0
Subcomanda rulata : run
Timestamp start : 17:50:25_613
Timestamp end   : 17:50:25_735
Timpul de executie (in milisecunde) : 122
Exit code ./tools/fileops.sh : 0
Subcomanda rulata : run
Timestamp start : 17:50:25_778
Timestamp end   : 17:50:25_952
Timpul de executie (in milisecunde) : 182
Exit code ./tools/fileops.sh : 0
