Subcomanda rulata : run
Timestamp start : 17:12:05_288
Timestamp end   : 17:12:05_410
Subcomanda rulata : run
Subcomanda rulata : run
Timpul de executie (in milisecunde) : 122
Timestamp start : 17:12:05_289
Exit code ./tools/fileops.sh : 0
Timestamp end   : 17:12:05_411
Timestamp start : 17:12:05_288
Timpul de executie (in milisecunde) : 122
Exit code ./tools/fileops.sh : 0
Timestamp end   : 17:12:05_411
Timpul de executie (in milisecunde) : 121
Exit code ./tools/fileops.sh : 0
Subcomanda rulata : run
Timestamp start : 17:12:05_288
Timestamp end   : 17:12:05_410
Timpul de executie (in milisecunde) : 122
Exit code ./tools/fileops.sh : 0
Subcomanda rulata : run
Timestamp start : 17:12:05_288
Timestamp end   : 17:12:05_417
Timpul de executie (in milisecunde) : 131
Exit code ./tools/fileops.sh : 0
Subcomanda rulata : run
Timestamp start : 17:12:05_462
Timestamp end   : 17:12:05_476
Subcomanda rulata : run
Timpul de executie (in milisecunde) : 14
Timestamp start : 17:12:05_462
Timestamp end   : 17:12:05_476
Exit code ./tools/fileops.sh : 2
Timpul de executie (in milisecunde) : 14
Exit code ./tools/fileops.sh : 2
Subcomanda rulata : run
Timestamp start : 17:12:05_462
Timestamp end   : 17:12:05_476
Timpul de executie (in milisecunde) : 14
Exit code ./tools/fileops.sh : 2
Subcomanda rulata : run
Timestamp start : 17:12:05_462
Timestamp end   : 17:12:05_476
Timpul de executie (in milisecunde) : 16
Exit code ./tools/fileops.sh : 2
Subcomanda rulata : run
Timestamp start : 17:12:05_463
Timestamp end   : 17:12:05_480
Timpul de executie (in milisecunde) : 20
Exit code ./tools/fileops.sh : 2
