Subcomanda rulata : run
Timestamp start : 10:12:44_050
Timestamp end   : 10:12:44_466
Timpul de executie (in milisecunde) : 417
Exit code ./tools/fileops.sh : 0
Subcomanda rulata : run
Timestamp start : 10:12:44_049
Timestamp end   : 10:12:44_507
Timpul de executie (in milisecunde) : 458
Exit code ./tools/fileops.sh : 0
Subcomanda rulata : run
Timestamp start : 10:12:44_049
Timestamp end   : 10:12:44_507
Timpul de executie (in milisecunde) : 458
Exit code ./tools/fileops.sh : 0
Subcomanda rulata : run
Timestamp start : 10:12:44_049
Timestamp end   : 10:12:44_510
Timpul de executie (in milisecunde) : 460
Exit code ./tools/fileops.sh : 0
Subcomanda rulata : run
Timestamp start : 10:12:44_049
Timestamp end   : 10:12:44_530
Timpul de executie (in milisecunde) : 482
Exit code ./tools/fileops.sh : 0
