Subcomanda rulata : init
Timestamp start : 14:18:45_682
Timestamp end   : 14:18:45_703
Timpul de executie (in milisecunde) : 22
Exit code ./tools/fileops.sh : 0
Subcomanda rulata : build
Timestamp start : 14:18:45_730
Timestamp end   : 14:18:45_867
Timpul de executie (in milisecunde) : 138
Exit code ./tools/fileops.sh : 3
Subcomanda rulata : run
Timestamp start : 14:18:45_915
Timestamp end   : 14:18:45_929
Timpul de executie (in milisecunde) : 15
Exit code ./tools/fileops.sh : 2
Subcomanda rulata : run
Timestamp start : 14:18:45_959
Timestamp end   : 14:18:45_972
Timpul de executie (in milisecunde) : 13
Exit code ./tools/fileops.sh : 2
