Subcomanda rulata : run
Timestamp start : 16:36:01_187
Timestamp end   : 16:36:01_316
Timpul de executie (in milisecunde) : 129
Exit code ./tools/fileops.sh : 0
Subcomanda rulata : run
Timestamp start : 16:36:01_187
Timestamp end   : 16:36:01_319
Timpul de executie (in milisecunde) : 133
Exit code ./tools/fileops.sh : 0
Subcomanda rulata : run
Timestamp start : 16:36:01_187
Timestamp end   : 16:36:01_320
Timpul de executie (in milisecunde) : 133
Exit code ./tools/fileops.sh : 0
Subcomanda rulata : run
Timestamp start : 16:36:01_187
Timestamp end   : 16:36:01_325
Timpul de executie (in milisecunde) : 139
Exit code ./tools/fileops.sh : 0
Subcomanda rulata : run
Timestamp start : 16:36:01_188
Timestamp end   : 16:36:01_335
Timpul de executie (in milisecunde) : 147
Exit code ./tools/fileops.sh : 0
