Subcomanda rulata : run
Subcomanda rulata : run
Timestamp start : 15:37:16_972
Timestamp start : 15:37:16_971
Timestamp end   : 15:37:17_097
Timestamp end   : 15:37:17_097
Timpul de executie (in milisecunde) : 125
Exit code ./tools/fileops.sh : 0
Timpul de executie (in milisecunde) : 125
Exit code ./tools/fileops.sh : 0
Subcomanda rulata : run
Timestamp start : 15:37:16_972
Timestamp end   : 15:37:17_099
Timpul de executie (in milisecunde) : 126
Exit code ./tools/fileops.sh : 0
Subcomanda rulata : run
Timestamp start : 15:37:16_972
Timestamp end   : 15:37:17_097
Timpul de executie (in milisecunde) : 124
Exit code ./tools/fileops.sh : 0
Subcomanda rulata : run
Timestamp start : 15:37:16_971
Timestamp end   : 15:37:17_107
Timpul de executie (in milisecunde) : 136
Exit code ./tools/fileops.sh : 0
