Subcomanda rulata : run
Timestamp start : 17:30:13_139
Timestamp end   : 17:30:13_265
Timpul de executie (in milisecunde) : 125
Exit code ./tools/fileops.sh : 0
Subcomanda rulata : run
Timestamp start : 17:30:13_139
Timestamp end   : 17:30:13_267
Timpul de executie (in milisecunde) : 127
Exit code ./tools/fileops.sh : 0
Subcomanda rulata : run
Timestamp start : 17:30:13_139
Timestamp end   : 17:30:13_265
Timpul de executie (in milisecunde) : 125
Exit code ./tools/fileops.sh : 0
Subcomanda rulata : run
Timestamp start : 17:30:13_139
Timestamp end   : 17:30:13_266
Subcomanda rulata : run
Timpul de executie (in milisecunde) : 127
Timestamp start : 17:30:13_139
Exit code ./tools/fileops.sh : 0
Timestamp end   : 17:30:13_269
Timpul de executie (in milisecunde) : 129
Exit code ./tools/fileops.sh : 0
Subcomanda rulata : run
Timestamp start : 17:30:13_317
Timestamp end   : 17:30:13_426
Timpul de executie (in milisecunde) : 108
Exit code ./tools/fileops.sh : 0
Subcomanda rulata : run
Timestamp start : 17:30:13_316
Timestamp end   : 17:30:13_429
Timpul de executie (in milisecunde) : 112
Exit code ./tools/fileops.sh : 0
Subcomanda rulata : run
Timestamp start : 17:30:13_316
Timestamp end   : 17:30:13_430
Timpul de executie (in milisecunde) : 114
Exit code ./tools/fileops.sh : 0
Subcomanda rulata : run
Subcomanda rulata : run
Timestamp start : 17:30:13_317
Timestamp end   : 17:30:13_444
Timpul de executie (in milisecunde) : 129
Timestamp start : 17:30:13_316
Exit code ./tools/fileops.sh : 0
Timestamp end   : 17:30:13_440
Timpul de executie (in milisecunde) : 126
Exit code ./tools/fileops.sh : 0
Subcomanda rulata : run
Timestamp start : 17:30:13_485
Timestamp end   : 17:30:13_592
Timpul de executie (in milisecunde) : 105
Exit code ./tools/fileops.sh : 0
