Subcomanda rulata : run
Timestamp start : 14:59:36_865
Timestamp end   : 15:00:14_020
Timpul de executie (in milisecunde) : 37151
Exit code ./tools/fileops.sh : 0
Subcomanda rulata : run
Timestamp start : 14:59:36_865
Subcomanda rulata : run
Timestamp end   : 15:00:14_021
Timestamp start : 14:59:36_865
Timestamp end   : 15:00:14_020
Timpul de executie (in milisecunde) : 37153
Timpul de executie (in milisecunde) : 37153
Exit code ./tools/fileops.sh : 0
Exit code ./tools/fileops.sh : 0
Subcomanda rulata : run
Subcomanda rulata : run
Timestamp start : 14:59:36_865
Timestamp start : 14:59:36_865
Timestamp end   : 15:00:14_022
Timestamp end   : 15:00:14_021
Timpul de executie (in milisecunde) : 37154
Timpul de executie (in milisecunde) : 37153
Exit code ./tools/fileops.sh : 0
Exit code ./tools/fileops.sh : 0
